{"timestamp":"2025-09-01T23:04:04.132579","level":"info","event":"DAG bundles loaded: dags-folder","logger":"airflow.dag_processing.bundles.manager.DagBundlesManager"}
{"timestamp":"2025-09-01T23:04:04.133968","level":"info","event":"Filling up the DagBag from /opt/airflow/dags/my_dag.py","logger":"airflow.models.dagbag.DagBag"}
{"timestamp":"2025-09-01T23:04:12.912912Z","level":"error","event":"\rRetrieving OxidationStateDoc documents:   0%|          | 0/131 [00:00<?, ?it/s]\rRetrieving OxidationStateDoc documents: 100%|██████████| 131/131 [00:00<00:00, 3567881.97it/s]","chan":"stderr","logger":"task"}
{"timestamp":"2025-09-01T23:04:12.913688Z","level":"info","event":"Number of entries from Materials Project: 131","chan":"stdout","logger":"task"}
{"timestamp":"2025-09-01T23:04:12.920494Z","level":"info","event":"Saved bulk POSCAR mp-1040910","chan":"stdout","logger":"task"}
{"timestamp":"2025-09-01T23:04:12.926820Z","level":"info","event":"Saved bulk POSCAR mp-1100929","chan":"stdout","logger":"task"}
{"timestamp":"2025-09-01T23:04:12.931538Z","level":"info","event":"Saved bulk POSCAR mp-1244901","chan":"stdout","logger":"task"}
{"timestamp":"2025-09-01T23:04:12.939477Z","level":"info","event":"Saved bulk POSCAR mp-1244920","chan":"stdout","logger":"task"}
{"timestamp":"2025-09-01T23:04:12.952418Z","level":"info","event":"Saved bulk POSCAR mp-1244961","chan":"stdout","logger":"task"}
{"timestamp":"2025-09-01T23:04:12.959260Z","level":"info","event":"Saved bulk POSCAR mp-1244985","chan":"stdout","logger":"task"}
{"timestamp":"2025-09-01T23:04:12.965757Z","level":"info","event":"Saved bulk POSCAR mp-1245012","chan":"stdout","logger":"task"}
{"timestamp":"2025-09-01T23:04:12.972240Z","level":"info","event":"Saved bulk POSCAR mp-1245040","chan":"stdout","logger":"task"}
{"timestamp":"2025-09-01T23:04:12.979752Z","level":"info","event":"Saved bulk POSCAR mp-1245047","chan":"stdout","logger":"task"}
{"timestamp":"2025-09-01T23:04:12.986976Z","level":"info","event":"Saved bulk POSCAR mp-1245049","chan":"stdout","logger":"task"}
{"timestamp":"2025-09-01T23:04:12.993571Z","level":"info","event":"Saved bulk POSCAR mp-1245058","chan":"stdout","logger":"task"}
{"timestamp":"2025-09-01T23:04:13.000599Z","level":"info","event":"Saved bulk POSCAR mp-1245061","chan":"stdout","logger":"task"}
{"timestamp":"2025-09-01T23:04:13.009001Z","level":"info","event":"Saved bulk POSCAR mp-1245059","chan":"stdout","logger":"task"}
{"timestamp":"2025-09-01T23:04:13.016012Z","level":"info","event":"Saved bulk POSCAR mp-1245096","chan":"stdout","logger":"task"}
{"timestamp":"2025-09-01T23:04:13.023363Z","level":"info","event":"Saved bulk POSCAR mp-1245142","chan":"stdout","logger":"task"}
{"timestamp":"2025-09-01T23:04:13.030761Z","level":"info","event":"Saved bulk POSCAR mp-1245171","chan":"stdout","logger":"task"}
{"timestamp":"2025-09-01T23:04:13.047504Z","level":"info","event":"Saved bulk POSCAR mp-1245198","chan":"stdout","logger":"task"}
{"timestamp":"2025-09-01T23:04:13.063448Z","level":"info","event":"Saved bulk POSCAR mp-1245219","chan":"stdout","logger":"task"}
{"timestamp":"2025-09-01T23:04:13.074035Z","level":"info","event":"Saved bulk POSCAR mp-1245240","chan":"stdout","logger":"task"}
{"timestamp":"2025-09-01T23:04:13.084091Z","level":"info","event":"Saved bulk POSCAR mp-1245272","chan":"stdout","logger":"task"}
{"timestamp":"2025-09-01T23:04:13.097449Z","level":"info","event":"Saved bulk POSCAR mp-1245275","chan":"stdout","logger":"task"}
{"timestamp":"2025-09-01T23:04:13.107028Z","level":"info","event":"Saved bulk POSCAR mp-1245284","chan":"stdout","logger":"task"}
{"timestamp":"2025-09-01T23:04:13.117787Z","level":"info","event":"Saved bulk POSCAR mp-1245283","chan":"stdout","logger":"task"}
{"timestamp":"2025-09-01T23:04:13.127214Z","level":"info","event":"Saved bulk POSCAR mp-1245315","chan":"stdout","logger":"task"}
{"timestamp":"2025-09-01T23:04:13.137038Z","level":"info","event":"Saved bulk POSCAR mp-1245312","chan":"stdout","logger":"task"}
{"timestamp":"2025-09-01T23:04:13.145613Z","level":"info","event":"Saved bulk POSCAR mp-1289705","chan":"stdout","logger":"task"}
{"timestamp":"2025-09-01T23:04:13.151236Z","level":"info","event":"Saved bulk POSCAR mp-2214725","chan":"stdout","logger":"task"}
{"timestamp":"2025-09-01T23:04:13.157820Z","level":"info","event":"Saved bulk POSCAR mp-1353031","chan":"stdout","logger":"task"}
{"timestamp":"2025-09-01T23:04:13.165809Z","level":"info","event":"Saved bulk POSCAR mp-716723","chan":"stdout","logger":"task"}
{"timestamp":"2025-09-01T23:04:13.171965Z","level":"info","event":"Saved bulk POSCAR mp-714932","chan":"stdout","logger":"task"}
{"timestamp":"2025-09-01T23:04:13.176866Z","level":"info","event":"Saved bulk POSCAR mp-715553","chan":"stdout","logger":"task"}
{"timestamp":"2025-09-01T23:04:13.185586Z","level":"info","event":"Saved bulk POSCAR mp-715598","chan":"stdout","logger":"task"}
{"timestamp":"2025-09-01T23:04:13.190565Z","level":"info","event":"Saved bulk POSCAR mp-715517","chan":"stdout","logger":"task"}
{"timestamp":"2025-09-01T23:04:13.195840Z","level":"info","event":"Saved bulk POSCAR mp-776583","chan":"stdout","logger":"task"}
{"timestamp":"2025-09-01T23:04:13.201539Z","level":"info","event":"Saved bulk POSCAR mp-777580","chan":"stdout","logger":"task"}
{"timestamp":"2025-09-01T23:04:13.207183Z","level":"info","event":"Saved bulk POSCAR mp-559445","chan":"stdout","logger":"task"}
{"timestamp":"2025-09-01T23:04:13.211435Z","level":"info","event":"Saved bulk POSCAR mp-566801","chan":"stdout","logger":"task"}
{"timestamp":"2025-09-01T23:04:13.215566Z","level":"info","event":"Saved bulk POSCAR mp-1446045","chan":"stdout","logger":"task"}
{"timestamp":"2025-09-01T23:04:13.220160Z","level":"info","event":"Saved bulk POSCAR mp-714921","chan":"stdout","logger":"task"}
{"timestamp":"2025-09-01T23:04:13.225524Z","level":"info","event":"Saved bulk POSCAR mp-870306","chan":"stdout","logger":"task"}
{"timestamp":"2025-09-01T23:04:13.230322Z","level":"info","event":"Saved bulk POSCAR mp-849581","chan":"stdout","logger":"task"}
{"timestamp":"2025-09-01T23:04:13.236928Z","level":"info","event":"Saved bulk POSCAR mp-1100908","chan":"stdout","logger":"task"}
{"timestamp":"2025-09-01T23:04:13.240954Z","level":"info","event":"Saved bulk POSCAR mp-1179363","chan":"stdout","logger":"task"}
{"timestamp":"2025-09-01T23:04:13.246319Z","level":"info","event":"Saved bulk POSCAR mp-18896","chan":"stdout","logger":"task"}
{"timestamp":"2025-09-01T23:04:13.251601Z","level":"info","event":"Saved bulk POSCAR mp-541404","chan":"stdout","logger":"task"}
{"timestamp":"2025-09-01T23:04:13.256319Z","level":"info","event":"Saved bulk POSCAR mp-714944","chan":"stdout","logger":"task"}
{"timestamp":"2025-09-01T23:04:13.262779Z","level":"info","event":"Saved bulk POSCAR mp-773019","chan":"stdout","logger":"task"}
{"timestamp":"2025-09-01T23:04:13.273754Z","level":"info","event":"Saved bulk POSCAR mp-755411","chan":"stdout","logger":"task"}
{"timestamp":"2025-09-01T23:04:13.280662Z","level":"info","event":"Saved bulk POSCAR mp-622497","chan":"stdout","logger":"task"}
{"timestamp":"2025-09-01T23:04:13.287005Z","level":"info","event":"Saved bulk POSCAR mp-1178787","chan":"stdout","logger":"task"}
{"timestamp":"2025-09-01T23:04:13.294421Z","level":"info","event":"Saved bulk POSCAR mp-19094","chan":"stdout","logger":"task"}
{"timestamp":"2025-09-01T23:04:13.308600Z","level":"info","event":"Saved bulk POSCAR mp-1208572","chan":"stdout","logger":"task"}
{"timestamp":"2025-09-01T23:04:13.316222Z","level":"info","event":"Saved bulk POSCAR mp-20593","chan":"stdout","logger":"task"}
{"timestamp":"2025-09-01T23:04:13.323978Z","level":"info","event":"Saved bulk POSCAR mp-1021522","chan":"stdout","logger":"task"}
{"timestamp":"2025-09-01T23:04:13.329644Z","level":"info","event":"Saved bulk POSCAR mp-1102963","chan":"stdout","logger":"task"}
{"timestamp":"2025-09-01T23:04:13.335401Z","level":"info","event":"Saved bulk POSCAR mp-1201338","chan":"stdout","logger":"task"}
{"timestamp":"2025-09-01T23:04:13.343690Z","level":"info","event":"Saved bulk POSCAR mp-2506972","chan":"stdout","logger":"task"}
{"timestamp":"2025-09-01T23:04:13.350403Z","level":"info","event":"Saved bulk POSCAR mp-778252","chan":"stdout","logger":"task"}
{"timestamp":"2025-09-01T23:04:13.357491Z","level":"info","event":"Saved bulk POSCAR mp-714960","chan":"stdout","logger":"task"}
{"timestamp":"2025-09-01T23:04:13.362824Z","level":"info","event":"Saved bulk POSCAR mp-1975157","chan":"stdout","logger":"task"}
{"timestamp":"2025-09-01T23:04:13.367725Z","level":"info","event":"Saved bulk POSCAR mp-1975342","chan":"stdout","logger":"task"}
{"timestamp":"2025-09-01T23:04:13.373398Z","level":"info","event":"Saved bulk POSCAR mp-30987","chan":"stdout","logger":"task"}
{"timestamp":"2025-09-01T23:04:13.378863Z","level":"info","event":"Saved bulk POSCAR mp-1780502","chan":"stdout","logger":"task"}
{"timestamp":"2025-09-01T23:04:13.384380Z","level":"info","event":"Saved bulk POSCAR mp-622640","chan":"stdout","logger":"task"}
{"timestamp":"2025-09-01T23:04:13.390890Z","level":"info","event":"Saved bulk POSCAR mp-796240","chan":"stdout","logger":"task"}
{"timestamp":"2025-09-01T23:04:13.396022Z","level":"info","event":"Saved bulk POSCAR mp-764115","chan":"stdout","logger":"task"}
{"timestamp":"2025-09-01T23:04:13.402542Z","level":"info","event":"Saved bulk POSCAR mp-1412582","chan":"stdout","logger":"task"}
{"timestamp":"2025-09-01T23:04:13.406943Z","level":"info","event":"Saved bulk POSCAR mp-760992","chan":"stdout","logger":"task"}
{"timestamp":"2025-09-01T23:04:13.412765Z","level":"info","event":"Saved bulk POSCAR mp-1420871","chan":"stdout","logger":"task"}
{"timestamp":"2025-09-01T23:04:13.417042Z","level":"info","event":"Saved bulk POSCAR mp-25199","chan":"stdout","logger":"task"}
{"timestamp":"2025-09-01T23:04:13.421031Z","level":"info","event":"Saved bulk POSCAR mp-1393040","chan":"stdout","logger":"task"}
{"timestamp":"2025-09-01T23:04:13.425883Z","level":"info","event":"Saved bulk POSCAR mp-1396942","chan":"stdout","logger":"task"}
{"timestamp":"2025-09-01T23:04:13.435547Z","level":"info","event":"Saved bulk POSCAR mp-1178831","chan":"stdout","logger":"task"}
{"timestamp":"2025-09-01T23:04:13.441588Z","level":"info","event":"Saved bulk POSCAR mp-1178988","chan":"stdout","logger":"task"}
{"timestamp":"2025-09-01T23:04:13.448948Z","level":"info","event":"Saved bulk POSCAR mp-1179536","chan":"stdout","logger":"task"}
{"timestamp":"2025-09-01T23:04:13.453974Z","level":"info","event":"Saved bulk POSCAR mp-1272338","chan":"stdout","logger":"task"}
{"timestamp":"2025-09-01T23:04:13.459573Z","level":"info","event":"Saved bulk POSCAR mp-1271757","chan":"stdout","logger":"task"}
{"timestamp":"2025-09-01T23:04:13.464556Z","level":"info","event":"Saved bulk POSCAR mp-1277428","chan":"stdout","logger":"task"}
{"timestamp":"2025-09-01T23:04:13.469704Z","level":"info","event":"Saved bulk POSCAR mp-1273559","chan":"stdout","logger":"task"}
{"timestamp":"2025-09-01T23:04:13.474229Z","level":"info","event":"Saved bulk POSCAR mp-27151","chan":"stdout","logger":"task"}
{"timestamp":"2025-09-01T23:04:13.479900Z","level":"info","event":"Saved bulk POSCAR mp-21018","chan":"stdout","logger":"task"}
{"timestamp":"2025-09-01T23:04:13.483979Z","level":"info","event":"Saved bulk POSCAR mp-30518","chan":"stdout","logger":"task"}
{"timestamp":"2025-09-01T23:04:13.494168Z","level":"info","event":"Saved bulk POSCAR mp-2506981","chan":"stdout","logger":"task"}
{"timestamp":"2025-09-01T23:04:13.500305Z","level":"info","event":"Saved bulk POSCAR mp-555597","chan":"stdout","logger":"task"}
{"timestamp":"2025-09-01T23:04:13.507599Z","level":"info","event":"Saved bulk POSCAR mp-542334","chan":"stdout","logger":"task"}
{"timestamp":"2025-09-01T23:04:13.514399Z","level":"info","event":"Saved bulk POSCAR mp-556566","chan":"stdout","logger":"task"}
{"timestamp":"2025-09-01T23:04:13.522133Z","level":"info","event":"Saved bulk POSCAR mp-559485","chan":"stdout","logger":"task"}
{"timestamp":"2025-09-01T23:04:13.529452Z","level":"info","event":"Saved bulk POSCAR mp-636746","chan":"stdout","logger":"task"}
{"timestamp":"2025-09-01T23:04:13.535032Z","level":"info","event":"Saved bulk POSCAR mp-715493","chan":"stdout","logger":"task"}
{"timestamp":"2025-09-01T23:04:13.540513Z","level":"info","event":"Saved bulk POSCAR mp-714931","chan":"stdout","logger":"task"}
{"timestamp":"2025-09-01T23:04:13.545845Z","level":"info","event":"Saved bulk POSCAR mp-715457","chan":"stdout","logger":"task"}
{"timestamp":"2025-09-01T23:04:13.555115Z","level":"info","event":"Saved bulk POSCAR mp-849511","chan":"stdout","logger":"task"}
{"timestamp":"2025-09-01T23:04:13.560991Z","level":"info","event":"Saved bulk POSCAR mp-25283","chan":"stdout","logger":"task"}
{"timestamp":"2025-09-01T23:04:13.565913Z","level":"info","event":"Saved bulk POSCAR mp-1284510","chan":"stdout","logger":"task"}
{"timestamp":"2025-09-01T23:04:13.571642Z","level":"info","event":"Saved bulk POSCAR mp-715035","chan":"stdout","logger":"task"}
{"timestamp":"2025-09-01T23:04:13.577592Z","level":"info","event":"Saved bulk POSCAR mp-1285335","chan":"stdout","logger":"task"}
{"timestamp":"2025-09-01T23:04:13.582223Z","level":"info","event":"Saved bulk POSCAR mp-2214678","chan":"stdout","logger":"task"}
{"timestamp":"2025-09-01T23:04:13.586256Z","level":"info","event":"Saved bulk POSCAR mp-1101328","chan":"stdout","logger":"task"}
{"timestamp":"2025-09-01T23:04:13.593578Z","level":"info","event":"Saved bulk POSCAR mp-1273390","chan":"stdout","logger":"task"}
{"timestamp":"2025-09-01T23:04:13.600251Z","level":"info","event":"Saved bulk POSCAR mp-1274098","chan":"stdout","logger":"task"}
{"timestamp":"2025-09-01T23:04:13.606180Z","level":"info","event":"Saved bulk POSCAR mp-1272932","chan":"stdout","logger":"task"}
{"timestamp":"2025-09-01T23:04:13.612057Z","level":"info","event":"Saved bulk POSCAR mp-1314858","chan":"stdout","logger":"task"}
{"timestamp":"2025-09-01T23:04:13.618126Z","level":"info","event":"Saved bulk POSCAR mp-772530","chan":"stdout","logger":"task"}
{"timestamp":"2025-09-01T23:04:13.622583Z","level":"info","event":"Saved bulk POSCAR mp-754451","chan":"stdout","logger":"task"}
{"timestamp":"2025-09-01T23:04:13.626803Z","level":"info","event":"Saved bulk POSCAR mp-547074","chan":"stdout","logger":"task"}
{"timestamp":"2025-09-01T23:04:13.630467Z","level":"info","event":"Saved bulk POSCAR mp-1342978","chan":"stdout","logger":"task"}
{"timestamp":"2025-09-01T23:04:13.635491Z","level":"info","event":"Saved bulk POSCAR mp-1094031","chan":"stdout","logger":"task"}
{"timestamp":"2025-09-01T23:04:13.640758Z","level":"info","event":"Saved bulk POSCAR mp-1190609","chan":"stdout","logger":"task"}
{"timestamp":"2025-09-01T23:04:13.645274Z","level":"info","event":"Saved bulk POSCAR mp-1379199","chan":"stdout","logger":"task"}
{"timestamp":"2025-09-01T23:04:13.650740Z","level":"info","event":"Saved bulk POSCAR mp-20974","chan":"stdout","logger":"task"}
{"timestamp":"2025-09-01T23:04:13.654537Z","level":"info","event":"Saved bulk POSCAR mp-27412","chan":"stdout","logger":"task"}
{"timestamp":"2025-09-01T23:04:13.659476Z","level":"info","event":"Saved bulk POSCAR mp-2739064","chan":"stdout","logger":"task"}
{"timestamp":"2025-09-01T23:04:13.663596Z","level":"info","event":"Saved bulk POSCAR mp-777479","chan":"stdout","logger":"task"}
{"timestamp":"2025-09-01T23:04:13.668069Z","level":"info","event":"Saved bulk POSCAR mp-1047618","chan":"stdout","logger":"task"}
{"timestamp":"2025-09-01T23:04:13.677716Z","level":"info","event":"Saved bulk POSCAR mp-2214803","chan":"stdout","logger":"task"}
{"timestamp":"2025-09-01T23:04:13.683061Z","level":"info","event":"Saved bulk POSCAR mp-715617","chan":"stdout","logger":"task"}
{"timestamp":"2025-09-01T23:04:13.688424Z","level":"info","event":"Saved bulk POSCAR mp-715664","chan":"stdout","logger":"task"}
{"timestamp":"2025-09-01T23:04:13.694001Z","level":"info","event":"Saved bulk POSCAR mp-777469","chan":"stdout","logger":"task"}
{"timestamp":"2025-09-01T23:04:13.698886Z","level":"info","event":"Saved bulk POSCAR mp-849537","chan":"stdout","logger":"task"}
{"timestamp":"2025-09-01T23:04:13.705898Z","level":"info","event":"Saved bulk POSCAR mp-1196958","chan":"stdout","logger":"task"}
{"timestamp":"2025-09-01T23:04:13.711208Z","level":"info","event":"Saved bulk POSCAR mp-1274771","chan":"stdout","logger":"task"}
{"timestamp":"2025-09-01T23:04:13.715827Z","level":"info","event":"Saved bulk POSCAR mp-1271792","chan":"stdout","logger":"task"}
{"timestamp":"2025-09-01T23:04:13.720021Z","level":"info","event":"Saved bulk POSCAR mp-755394","chan":"stdout","logger":"task"}
{"timestamp":"2025-09-01T23:04:13.724340Z","level":"info","event":"Saved bulk POSCAR mp-1179073","chan":"stdout","logger":"task"}
{"timestamp":"2025-09-01T23:04:13.728935Z","level":"info","event":"Saved bulk POSCAR mp-1361684","chan":"stdout","logger":"task"}
{"timestamp":"2025-09-01T23:04:13.737252Z","level":"info","event":"Saved bulk POSCAR mp-19457","chan":"stdout","logger":"task"}
{"timestamp":"2025-09-01T23:04:13.742400Z","level":"info","event":"Saved bulk POSCAR mp-1974654","chan":"stdout","logger":"task"}
{"timestamp":"2025-09-01T23:04:13.747036Z","level":"info","event":"Saved bulk POSCAR mp-1271755","chan":"stdout","logger":"task"}
{"timestamp":"2025-09-01T23:04:13.752931Z","level":"info","event":"Saved bulk POSCAR mp-634430","chan":"stdout","logger":"task"}
{"timestamp":"2025-09-01T23:04:13.757860Z","level":"info","event":"Saved bulk POSCAR mp-1277117","chan":"stdout","logger":"task"}
{"timestamp":"2025-09-01T23:04:13.762974Z","level":"info","event":"Saved bulk POSCAR mp-714911","chan":"stdout","logger":"task"}
{"timestamp":"2025-09-01T23:04:13.770834","level":"info","event":"Done. Returned value was: [MPID(mp-1040910), MPID(mp-1100929), MPID(mp-1244901), MPID(mp-1244920), MPID(mp-1244961), MPID(mp-1244985), MPID(mp-1245012), MPID(mp-1245040), MPID(mp-1245047), MPID(mp-1245049), MPID(mp-1245058), MPID(mp-1245061), MPID(mp-1245059), MPID(mp-1245096), MPID(mp-1245142), MPID(mp-1245171), MPID(mp-1245198), MPID(mp-1245219), MPID(mp-1245240), MPID(mp-1245272), MPID(mp-1245275), MPID(mp-1245284), MPID(mp-1245283), MPID(mp-1245315), MPID(mp-1245312), MPID(mp-1289705), MPID(mp-2214725), MPID(mp-1353031), MPID(mp-716723), MPID(mp-714932), MPID(mp-715553), MPID(mp-715598), MPID(mp-715517), MPID(mp-776583), MPID(mp-777580), MPID(mp-559445), MPID(mp-566801), MPID(mp-1446045), MPID(mp-714921), MPID(mp-870306), MPID(mp-849581), MPID(mp-1100908), MPID(mp-1179363), MPID(mp-18896), MPID(mp-541404), MPID(mp-714944), MPID(mp-773019), MPID(mp-755411), MPID(mp-622497), MPID(mp-1178787), MPID(mp-19094), MPID(mp-1208572), MPID(mp-20593), MPID(mp-1021522), MPID(mp-1102963), MPID(mp-1201338), MPID(mp-2506972), MPID(mp-778252), MPID(mp-714960), MPID(mp-1975157), MPID(mp-1975342), MPID(mp-30987), MPID(mp-1780502), MPID(mp-622640), MPID(mp-796240), MPID(mp-764115), MPID(mp-1412582), MPID(mp-760992), MPID(mp-1420871), MPID(mp-25199), MPID(mp-1393040), MPID(mp-1396942), MPID(mp-1178831), MPID(mp-1178988), MPID(mp-1179536), MPID(mp-1272338), MPID(mp-1271757), MPID(mp-1277428), MPID(mp-1273559), MPID(mp-27151), MPID(mp-21018), MPID(mp-30518), MPID(mp-2506981), MPID(mp-555597), MPID(mp-542334), MPID(mp-556566), MPID(mp-559485), MPID(mp-636746), MPID(mp-715493), MPID(mp-714931), MPID(mp-715457), MPID(mp-849511), MPID(mp-25283), MPID(mp-1284510), MPID(mp-715035), MPID(mp-1285335), MPID(mp-2214678), MPID(mp-1101328), MPID(mp-1273390), MPID(mp-1274098), MPID(mp-1272932), MPID(mp-1314858), MPID(mp-772530), MPID(mp-754451), MPID(mp-547074), MPID(mp-1342978), MPID(mp-1094031), MPID(mp-1190609), MPID(mp-1379199), MPID(mp-20974), MPID(mp-27412), MPID(mp-2739064), MPID(mp-777479), MPID(mp-1047618), MPID(mp-2214803), MPID(mp-715617), MPID(mp-715664), MPID(mp-777469), MPID(mp-849537), MPID(mp-1196958), MPID(mp-1274771), MPID(mp-1271792), MPID(mp-755394), MPID(mp-1179073), MPID(mp-1361684), MPID(mp-19457), MPID(mp-1974654), MPID(mp-1271755), MPID(mp-634430), MPID(mp-1277117), MPID(mp-714911)]","logger":"airflow.task.operators.airflow.providers.standard.decorators.python._PythonDecoratedOperator"}
{"timestamp":"2025-09-01T23:04:13.771177","level":"info","event":"Pushing xcom","ti":"RuntimeTaskInstance(id=UUID('01990785-f138-73e4-bb2a-88981695dca4'), task_id='search_MaterialsAPI', dag_id='MP-pymatgen-jDFTx', run_id='manual__2025-09-01T23:04:02.598145+00:00', try_number=1, map_index=-1, hostname='41a82e7e5a55', context_carrier={}, task=<Task(_PythonDecoratedOperator): search_MaterialsAPI>, bundle_instance=LocalDagBundle(name=dags-folder), max_tries=0, start_date=datetime.datetime(2025, 9, 1, 23, 4, 3, 730449, tzinfo=datetime.timezone.utc), end_date=None, state=<TaskInstanceState.RUNNING: 'running'>, is_mapped=False, rendered_map_index=None, log_url='http://localhost:8080/dags/MP-pymatgen-jDFTx/runs/manual__2025-09-01T23%3A04%3A02.598145%2B00%3A00/tasks/search_MaterialsAPI?try_number=1')","logger":"task"}
