{"timestamp":"2025-09-02T00:12:59.115284","level":"info","event":"DAG bundles loaded: dags-folder","logger":"airflow.dag_processing.bundles.manager.DagBundlesManager"}
{"timestamp":"2025-09-02T00:12:59.117249","level":"info","event":"Filling up the DagBag from /opt/airflow/dags/my_dag.py","logger":"airflow.models.dagbag.DagBag"}
{"timestamp":"2025-09-02T00:13:09.090025Z","level":"error","event":"\rRetrieving OxidationStateDoc documents:   0%|          | 0/131 [00:00<?, ?it/s]\rRetrieving OxidationStateDoc documents: 100%|██████████| 131/131 [00:00<00:00, 2298969.97it/s]","chan":"stderr","logger":"task"}
{"timestamp":"2025-09-02T00:13:09.091395Z","level":"info","event":"Number of entries from Materials Project: 131","chan":"stdout","logger":"task"}
{"timestamp":"2025-09-02T00:13:09.098826Z","level":"info","event":"Saved bulk POSCAR mp-1040910","chan":"stdout","logger":"task"}
{"timestamp":"2025-09-02T00:13:09.112877Z","level":"info","event":"Saved bulk POSCAR mp-1100929","chan":"stdout","logger":"task"}
{"timestamp":"2025-09-02T00:13:09.130267Z","level":"info","event":"Saved bulk POSCAR mp-1244901","chan":"stdout","logger":"task"}
{"timestamp":"2025-09-02T00:13:09.143346Z","level":"info","event":"Saved bulk POSCAR mp-1244920","chan":"stdout","logger":"task"}
{"timestamp":"2025-09-02T00:13:09.158536Z","level":"info","event":"Saved bulk POSCAR mp-1244961","chan":"stdout","logger":"task"}
{"timestamp":"2025-09-02T00:13:09.177962Z","level":"info","event":"Saved bulk POSCAR mp-1244985","chan":"stdout","logger":"task"}
{"timestamp":"2025-09-02T00:13:09.190700Z","level":"info","event":"Saved bulk POSCAR mp-1245012","chan":"stdout","logger":"task"}
{"timestamp":"2025-09-02T00:13:09.212103Z","level":"info","event":"Saved bulk POSCAR mp-1245040","chan":"stdout","logger":"task"}
{"timestamp":"2025-09-02T00:13:09.226560Z","level":"info","event":"Saved bulk POSCAR mp-1245047","chan":"stdout","logger":"task"}
{"timestamp":"2025-09-02T00:13:09.238573Z","level":"info","event":"Saved bulk POSCAR mp-1245049","chan":"stdout","logger":"task"}
{"timestamp":"2025-09-02T00:13:09.263143Z","level":"info","event":"Saved bulk POSCAR mp-1245058","chan":"stdout","logger":"task"}
{"timestamp":"2025-09-02T00:13:09.284484Z","level":"info","event":"Saved bulk POSCAR mp-1245061","chan":"stdout","logger":"task"}
{"timestamp":"2025-09-02T00:13:09.300393Z","level":"info","event":"Saved bulk POSCAR mp-1245059","chan":"stdout","logger":"task"}
{"timestamp":"2025-09-02T00:13:09.322001Z","level":"info","event":"Saved bulk POSCAR mp-1245096","chan":"stdout","logger":"task"}
{"timestamp":"2025-09-02T00:13:09.335738Z","level":"info","event":"Saved bulk POSCAR mp-1245142","chan":"stdout","logger":"task"}
{"timestamp":"2025-09-02T00:13:09.347480Z","level":"info","event":"Saved bulk POSCAR mp-1245171","chan":"stdout","logger":"task"}
{"timestamp":"2025-09-02T00:13:09.368192Z","level":"info","event":"Saved bulk POSCAR mp-1245198","chan":"stdout","logger":"task"}
{"timestamp":"2025-09-02T00:13:09.394496Z","level":"info","event":"Saved bulk POSCAR mp-1245219","chan":"stdout","logger":"task"}
{"timestamp":"2025-09-02T00:13:09.416219Z","level":"info","event":"Saved bulk POSCAR mp-1245240","chan":"stdout","logger":"task"}
{"timestamp":"2025-09-02T00:13:09.431769Z","level":"info","event":"Saved bulk POSCAR mp-1245272","chan":"stdout","logger":"task"}
{"timestamp":"2025-09-02T00:13:09.443604Z","level":"info","event":"Saved bulk POSCAR mp-1245275","chan":"stdout","logger":"task"}
{"timestamp":"2025-09-02T00:13:09.453031Z","level":"info","event":"Saved bulk POSCAR mp-1245284","chan":"stdout","logger":"task"}
{"timestamp":"2025-09-02T00:13:09.464668Z","level":"info","event":"Saved bulk POSCAR mp-1245283","chan":"stdout","logger":"task"}
{"timestamp":"2025-09-02T00:13:09.477148Z","level":"info","event":"Saved bulk POSCAR mp-1245315","chan":"stdout","logger":"task"}
{"timestamp":"2025-09-02T00:13:09.491854Z","level":"info","event":"Saved bulk POSCAR mp-1245312","chan":"stdout","logger":"task"}
{"timestamp":"2025-09-02T00:13:09.516125Z","level":"info","event":"Saved bulk POSCAR mp-1289705","chan":"stdout","logger":"task"}
{"timestamp":"2025-09-02T00:13:09.522473Z","level":"info","event":"Saved bulk POSCAR mp-2214725","chan":"stdout","logger":"task"}
{"timestamp":"2025-09-02T00:13:09.528515Z","level":"info","event":"Saved bulk POSCAR mp-1353031","chan":"stdout","logger":"task"}
{"timestamp":"2025-09-02T00:13:09.537624Z","level":"info","event":"Saved bulk POSCAR mp-716723","chan":"stdout","logger":"task"}
{"timestamp":"2025-09-02T00:13:09.545492Z","level":"info","event":"Saved bulk POSCAR mp-714932","chan":"stdout","logger":"task"}
{"timestamp":"2025-09-02T00:13:09.552312Z","level":"info","event":"Saved bulk POSCAR mp-715553","chan":"stdout","logger":"task"}
{"timestamp":"2025-09-02T00:13:09.559731Z","level":"info","event":"Saved bulk POSCAR mp-715598","chan":"stdout","logger":"task"}
{"timestamp":"2025-09-02T00:13:09.567379Z","level":"info","event":"Saved bulk POSCAR mp-715517","chan":"stdout","logger":"task"}
{"timestamp":"2025-09-02T00:13:09.574780Z","level":"info","event":"Saved bulk POSCAR mp-776583","chan":"stdout","logger":"task"}
{"timestamp":"2025-09-02T00:13:09.583199Z","level":"info","event":"Saved bulk POSCAR mp-777580","chan":"stdout","logger":"task"}
{"timestamp":"2025-09-02T00:13:09.589207Z","level":"info","event":"Saved bulk POSCAR mp-559445","chan":"stdout","logger":"task"}
{"timestamp":"2025-09-02T00:13:09.594719Z","level":"info","event":"Saved bulk POSCAR mp-566801","chan":"stdout","logger":"task"}
{"timestamp":"2025-09-02T00:13:09.599726Z","level":"info","event":"Saved bulk POSCAR mp-1446045","chan":"stdout","logger":"task"}
{"timestamp":"2025-09-02T00:13:09.604658Z","level":"info","event":"Saved bulk POSCAR mp-714921","chan":"stdout","logger":"task"}
{"timestamp":"2025-09-02T00:13:09.612722Z","level":"info","event":"Saved bulk POSCAR mp-870306","chan":"stdout","logger":"task"}
{"timestamp":"2025-09-02T00:13:09.629135Z","level":"info","event":"Saved bulk POSCAR mp-849581","chan":"stdout","logger":"task"}
{"timestamp":"2025-09-02T00:13:09.640257Z","level":"info","event":"Saved bulk POSCAR mp-1100908","chan":"stdout","logger":"task"}
{"timestamp":"2025-09-02T00:13:09.648331Z","level":"info","event":"Saved bulk POSCAR mp-1179363","chan":"stdout","logger":"task"}
{"timestamp":"2025-09-02T00:13:09.654472Z","level":"info","event":"Saved bulk POSCAR mp-18896","chan":"stdout","logger":"task"}
{"timestamp":"2025-09-02T00:13:09.663161Z","level":"info","event":"Saved bulk POSCAR mp-541404","chan":"stdout","logger":"task"}
{"timestamp":"2025-09-02T00:13:09.671928Z","level":"info","event":"Saved bulk POSCAR mp-714944","chan":"stdout","logger":"task"}
{"timestamp":"2025-09-02T00:13:09.716263Z","level":"info","event":"Saved bulk POSCAR mp-773019","chan":"stdout","logger":"task"}
{"timestamp":"2025-09-02T00:13:09.768047Z","level":"info","event":"Saved bulk POSCAR mp-755411","chan":"stdout","logger":"task"}
{"timestamp":"2025-09-02T00:13:09.787855Z","level":"info","event":"Saved bulk POSCAR mp-622497","chan":"stdout","logger":"task"}
{"timestamp":"2025-09-02T00:13:09.801663Z","level":"info","event":"Saved bulk POSCAR mp-1178787","chan":"stdout","logger":"task"}
{"timestamp":"2025-09-02T00:13:09.812673Z","level":"info","event":"Saved bulk POSCAR mp-19094","chan":"stdout","logger":"task"}
{"timestamp":"2025-09-02T00:13:09.819526Z","level":"info","event":"Saved bulk POSCAR mp-1208572","chan":"stdout","logger":"task"}
{"timestamp":"2025-09-02T00:13:09.830703Z","level":"info","event":"Saved bulk POSCAR mp-20593","chan":"stdout","logger":"task"}
{"timestamp":"2025-09-02T00:13:09.842006Z","level":"info","event":"Saved bulk POSCAR mp-1021522","chan":"stdout","logger":"task"}
{"timestamp":"2025-09-02T00:13:09.847274Z","level":"info","event":"Saved bulk POSCAR mp-1102963","chan":"stdout","logger":"task"}
{"timestamp":"2025-09-02T00:13:09.855512Z","level":"info","event":"Saved bulk POSCAR mp-1201338","chan":"stdout","logger":"task"}
{"timestamp":"2025-09-02T00:13:09.864304Z","level":"info","event":"Saved bulk POSCAR mp-2506972","chan":"stdout","logger":"task"}
{"timestamp":"2025-09-02T00:13:09.875301Z","level":"info","event":"Saved bulk POSCAR mp-778252","chan":"stdout","logger":"task"}
{"timestamp":"2025-09-02T00:13:09.884918Z","level":"info","event":"Saved bulk POSCAR mp-714960","chan":"stdout","logger":"task"}
{"timestamp":"2025-09-02T00:13:09.890826Z","level":"info","event":"Saved bulk POSCAR mp-1975157","chan":"stdout","logger":"task"}
{"timestamp":"2025-09-02T00:13:09.898827Z","level":"info","event":"Saved bulk POSCAR mp-1975342","chan":"stdout","logger":"task"}
{"timestamp":"2025-09-02T00:13:09.912275Z","level":"info","event":"Saved bulk POSCAR mp-30987","chan":"stdout","logger":"task"}
{"timestamp":"2025-09-02T00:13:09.926053Z","level":"info","event":"Saved bulk POSCAR mp-1780502","chan":"stdout","logger":"task"}
{"timestamp":"2025-09-02T00:13:09.941478Z","level":"info","event":"Saved bulk POSCAR mp-622640","chan":"stdout","logger":"task"}
{"timestamp":"2025-09-02T00:13:09.955040Z","level":"info","event":"Saved bulk POSCAR mp-796240","chan":"stdout","logger":"task"}
{"timestamp":"2025-09-02T00:13:09.968137Z","level":"info","event":"Saved bulk POSCAR mp-764115","chan":"stdout","logger":"task"}
{"timestamp":"2025-09-02T00:13:09.980295Z","level":"info","event":"Saved bulk POSCAR mp-1412582","chan":"stdout","logger":"task"}
{"timestamp":"2025-09-02T00:13:09.989555Z","level":"info","event":"Saved bulk POSCAR mp-760992","chan":"stdout","logger":"task"}
{"timestamp":"2025-09-02T00:13:10.004197Z","level":"info","event":"Saved bulk POSCAR mp-1420871","chan":"stdout","logger":"task"}
{"timestamp":"2025-09-02T00:13:10.018357Z","level":"info","event":"Saved bulk POSCAR mp-25199","chan":"stdout","logger":"task"}
{"timestamp":"2025-09-02T00:13:10.030908Z","level":"info","event":"Saved bulk POSCAR mp-1393040","chan":"stdout","logger":"task"}
{"timestamp":"2025-09-02T00:13:10.043326Z","level":"info","event":"Saved bulk POSCAR mp-1396942","chan":"stdout","logger":"task"}
{"timestamp":"2025-09-02T00:13:10.071252Z","level":"info","event":"Saved bulk POSCAR mp-1178831","chan":"stdout","logger":"task"}
{"timestamp":"2025-09-02T00:13:10.080034Z","level":"info","event":"Saved bulk POSCAR mp-1178988","chan":"stdout","logger":"task"}
{"timestamp":"2025-09-02T00:13:10.088998Z","level":"info","event":"Saved bulk POSCAR mp-1179536","chan":"stdout","logger":"task"}
{"timestamp":"2025-09-02T00:13:10.099349Z","level":"info","event":"Saved bulk POSCAR mp-1272338","chan":"stdout","logger":"task"}
{"timestamp":"2025-09-02T00:13:10.103994Z","level":"info","event":"Saved bulk POSCAR mp-1271757","chan":"stdout","logger":"task"}
{"timestamp":"2025-09-02T00:13:10.117950Z","level":"info","event":"Saved bulk POSCAR mp-1277428","chan":"stdout","logger":"task"}
{"timestamp":"2025-09-02T00:13:10.125898Z","level":"info","event":"Saved bulk POSCAR mp-1273559","chan":"stdout","logger":"task"}
{"timestamp":"2025-09-02T00:13:10.140201Z","level":"info","event":"Saved bulk POSCAR mp-27151","chan":"stdout","logger":"task"}
{"timestamp":"2025-09-02T00:13:10.145226Z","level":"info","event":"Saved bulk POSCAR mp-21018","chan":"stdout","logger":"task"}
{"timestamp":"2025-09-02T00:13:10.152887Z","level":"info","event":"Saved bulk POSCAR mp-30518","chan":"stdout","logger":"task"}
{"timestamp":"2025-09-02T00:13:10.166038Z","level":"info","event":"Saved bulk POSCAR mp-2506981","chan":"stdout","logger":"task"}
{"timestamp":"2025-09-02T00:13:10.193187Z","level":"info","event":"Saved bulk POSCAR mp-555597","chan":"stdout","logger":"task"}
{"timestamp":"2025-09-02T00:13:10.217056Z","level":"info","event":"Saved bulk POSCAR mp-542334","chan":"stdout","logger":"task"}
{"timestamp":"2025-09-02T00:13:10.254677Z","level":"info","event":"Saved bulk POSCAR mp-556566","chan":"stdout","logger":"task"}
{"timestamp":"2025-09-02T00:13:10.280906Z","level":"info","event":"Saved bulk POSCAR mp-559485","chan":"stdout","logger":"task"}
{"timestamp":"2025-09-02T00:13:10.298397Z","level":"info","event":"Saved bulk POSCAR mp-636746","chan":"stdout","logger":"task"}
{"timestamp":"2025-09-02T00:13:10.315160Z","level":"info","event":"Saved bulk POSCAR mp-715493","chan":"stdout","logger":"task"}
{"timestamp":"2025-09-02T00:13:10.339320Z","level":"info","event":"Saved bulk POSCAR mp-714931","chan":"stdout","logger":"task"}
{"timestamp":"2025-09-02T00:13:10.348129Z","level":"info","event":"Saved bulk POSCAR mp-715457","chan":"stdout","logger":"task"}
{"timestamp":"2025-09-02T00:13:10.361163Z","level":"info","event":"Saved bulk POSCAR mp-849511","chan":"stdout","logger":"task"}
{"timestamp":"2025-09-02T00:13:10.372418Z","level":"info","event":"Saved bulk POSCAR mp-25283","chan":"stdout","logger":"task"}
{"timestamp":"2025-09-02T00:13:10.386096Z","level":"info","event":"Saved bulk POSCAR mp-1284510","chan":"stdout","logger":"task"}
{"timestamp":"2025-09-02T00:13:10.394175Z","level":"info","event":"Saved bulk POSCAR mp-715035","chan":"stdout","logger":"task"}
{"timestamp":"2025-09-02T00:13:10.401397Z","level":"info","event":"Saved bulk POSCAR mp-1285335","chan":"stdout","logger":"task"}
{"timestamp":"2025-09-02T00:13:10.412916Z","level":"info","event":"Saved bulk POSCAR mp-2214678","chan":"stdout","logger":"task"}
{"timestamp":"2025-09-02T00:13:10.415607Z","level":"info","event":"Saved bulk POSCAR mp-1101328","chan":"stdout","logger":"task"}
{"timestamp":"2025-09-02T00:13:10.452912Z","level":"info","event":"Saved bulk POSCAR mp-1273390","chan":"stdout","logger":"task"}
{"timestamp":"2025-09-02T00:13:10.475826Z","level":"info","event":"Saved bulk POSCAR mp-1274098","chan":"stdout","logger":"task"}
{"timestamp":"2025-09-02T00:13:10.491307Z","level":"info","event":"Saved bulk POSCAR mp-1272932","chan":"stdout","logger":"task"}
{"timestamp":"2025-09-02T00:13:10.530473Z","level":"info","event":"Saved bulk POSCAR mp-1314858","chan":"stdout","logger":"task"}
{"timestamp":"2025-09-02T00:13:10.562651Z","level":"info","event":"Saved bulk POSCAR mp-772530","chan":"stdout","logger":"task"}
{"timestamp":"2025-09-02T00:13:10.576478Z","level":"info","event":"Saved bulk POSCAR mp-754451","chan":"stdout","logger":"task"}
{"timestamp":"2025-09-02T00:13:10.583389Z","level":"info","event":"Saved bulk POSCAR mp-547074","chan":"stdout","logger":"task"}
{"timestamp":"2025-09-02T00:13:10.600132Z","level":"info","event":"Saved bulk POSCAR mp-1342978","chan":"stdout","logger":"task"}
{"timestamp":"2025-09-02T00:13:10.623424Z","level":"info","event":"Saved bulk POSCAR mp-1094031","chan":"stdout","logger":"task"}
{"timestamp":"2025-09-02T00:13:10.635226Z","level":"info","event":"Saved bulk POSCAR mp-1190609","chan":"stdout","logger":"task"}
{"timestamp":"2025-09-02T00:13:10.650384Z","level":"info","event":"Saved bulk POSCAR mp-1379199","chan":"stdout","logger":"task"}
{"timestamp":"2025-09-02T00:13:10.661540Z","level":"info","event":"Saved bulk POSCAR mp-20974","chan":"stdout","logger":"task"}
{"timestamp":"2025-09-02T00:13:10.671119Z","level":"info","event":"Saved bulk POSCAR mp-27412","chan":"stdout","logger":"task"}
{"timestamp":"2025-09-02T00:13:10.680495Z","level":"info","event":"Saved bulk POSCAR mp-2739064","chan":"stdout","logger":"task"}
{"timestamp":"2025-09-02T00:13:10.686411Z","level":"info","event":"Saved bulk POSCAR mp-777479","chan":"stdout","logger":"task"}
{"timestamp":"2025-09-02T00:13:10.698180Z","level":"info","event":"Saved bulk POSCAR mp-1047618","chan":"stdout","logger":"task"}
{"timestamp":"2025-09-02T00:13:10.716138Z","level":"info","event":"Saved bulk POSCAR mp-2214803","chan":"stdout","logger":"task"}
{"timestamp":"2025-09-02T00:13:10.730707Z","level":"info","event":"Saved bulk POSCAR mp-715617","chan":"stdout","logger":"task"}
{"timestamp":"2025-09-02T00:13:10.751482Z","level":"info","event":"Saved bulk POSCAR mp-715664","chan":"stdout","logger":"task"}
{"timestamp":"2025-09-02T00:13:10.830072Z","level":"info","event":"Saved bulk POSCAR mp-777469","chan":"stdout","logger":"task"}
{"timestamp":"2025-09-02T00:13:10.859808Z","level":"info","event":"Saved bulk POSCAR mp-849537","chan":"stdout","logger":"task"}
{"timestamp":"2025-09-02T00:13:10.878003Z","level":"info","event":"Saved bulk POSCAR mp-1196958","chan":"stdout","logger":"task"}
{"timestamp":"2025-09-02T00:13:10.890657Z","level":"info","event":"Saved bulk POSCAR mp-1274771","chan":"stdout","logger":"task"}
{"timestamp":"2025-09-02T00:13:10.904207Z","level":"info","event":"Saved bulk POSCAR mp-1271792","chan":"stdout","logger":"task"}
{"timestamp":"2025-09-02T00:13:10.911267Z","level":"info","event":"Saved bulk POSCAR mp-755394","chan":"stdout","logger":"task"}
{"timestamp":"2025-09-02T00:13:10.919869Z","level":"info","event":"Saved bulk POSCAR mp-1179073","chan":"stdout","logger":"task"}
{"timestamp":"2025-09-02T00:13:10.941914Z","level":"info","event":"Saved bulk POSCAR mp-1361684","chan":"stdout","logger":"task"}
{"timestamp":"2025-09-02T00:13:10.968715Z","level":"info","event":"Saved bulk POSCAR mp-19457","chan":"stdout","logger":"task"}
{"timestamp":"2025-09-02T00:13:10.977652Z","level":"info","event":"Saved bulk POSCAR mp-1974654","chan":"stdout","logger":"task"}
{"timestamp":"2025-09-02T00:13:10.989668Z","level":"info","event":"Saved bulk POSCAR mp-1271755","chan":"stdout","logger":"task"}
{"timestamp":"2025-09-02T00:13:11.003634Z","level":"info","event":"Saved bulk POSCAR mp-634430","chan":"stdout","logger":"task"}
{"timestamp":"2025-09-02T00:13:11.020354Z","level":"info","event":"Saved bulk POSCAR mp-1277117","chan":"stdout","logger":"task"}
{"timestamp":"2025-09-02T00:13:11.037709Z","level":"info","event":"Saved bulk POSCAR mp-714911","chan":"stdout","logger":"task"}
{"timestamp":"2025-09-02T00:13:11.049643","level":"info","event":"Done. Returned value was: [MPID(mp-1040910), MPID(mp-1100929), MPID(mp-1244901), MPID(mp-1244920), MPID(mp-1244961), MPID(mp-1244985), MPID(mp-1245012), MPID(mp-1245040), MPID(mp-1245047), MPID(mp-1245049), MPID(mp-1245058), MPID(mp-1245061), MPID(mp-1245059), MPID(mp-1245096), MPID(mp-1245142), MPID(mp-1245171), MPID(mp-1245198), MPID(mp-1245219), MPID(mp-1245240), MPID(mp-1245272), MPID(mp-1245275), MPID(mp-1245284), MPID(mp-1245283), MPID(mp-1245315), MPID(mp-1245312), MPID(mp-1289705), MPID(mp-2214725), MPID(mp-1353031), MPID(mp-716723), MPID(mp-714932), MPID(mp-715553), MPID(mp-715598), MPID(mp-715517), MPID(mp-776583), MPID(mp-777580), MPID(mp-559445), MPID(mp-566801), MPID(mp-1446045), MPID(mp-714921), MPID(mp-870306), MPID(mp-849581), MPID(mp-1100908), MPID(mp-1179363), MPID(mp-18896), MPID(mp-541404), MPID(mp-714944), MPID(mp-773019), MPID(mp-755411), MPID(mp-622497), MPID(mp-1178787), MPID(mp-19094), MPID(mp-1208572), MPID(mp-20593), MPID(mp-1021522), MPID(mp-1102963), MPID(mp-1201338), MPID(mp-2506972), MPID(mp-778252), MPID(mp-714960), MPID(mp-1975157), MPID(mp-1975342), MPID(mp-30987), MPID(mp-1780502), MPID(mp-622640), MPID(mp-796240), MPID(mp-764115), MPID(mp-1412582), MPID(mp-760992), MPID(mp-1420871), MPID(mp-25199), MPID(mp-1393040), MPID(mp-1396942), MPID(mp-1178831), MPID(mp-1178988), MPID(mp-1179536), MPID(mp-1272338), MPID(mp-1271757), MPID(mp-1277428), MPID(mp-1273559), MPID(mp-27151), MPID(mp-21018), MPID(mp-30518), MPID(mp-2506981), MPID(mp-555597), MPID(mp-542334), MPID(mp-556566), MPID(mp-559485), MPID(mp-636746), MPID(mp-715493), MPID(mp-714931), MPID(mp-715457), MPID(mp-849511), MPID(mp-25283), MPID(mp-1284510), MPID(mp-715035), MPID(mp-1285335), MPID(mp-2214678), MPID(mp-1101328), MPID(mp-1273390), MPID(mp-1274098), MPID(mp-1272932), MPID(mp-1314858), MPID(mp-772530), MPID(mp-754451), MPID(mp-547074), MPID(mp-1342978), MPID(mp-1094031), MPID(mp-1190609), MPID(mp-1379199), MPID(mp-20974), MPID(mp-27412), MPID(mp-2739064), MPID(mp-777479), MPID(mp-1047618), MPID(mp-2214803), MPID(mp-715617), MPID(mp-715664), MPID(mp-777469), MPID(mp-849537), MPID(mp-1196958), MPID(mp-1274771), MPID(mp-1271792), MPID(mp-755394), MPID(mp-1179073), MPID(mp-1361684), MPID(mp-19457), MPID(mp-1974654), MPID(mp-1271755), MPID(mp-634430), MPID(mp-1277117), MPID(mp-714911)]","logger":"airflow.task.operators.airflow.providers.standard.decorators.python._PythonDecoratedOperator"}
{"timestamp":"2025-09-02T00:13:11.050188","level":"info","event":"Pushing xcom","ti":"RuntimeTaskInstance(id=UUID('019907c5-0b6f-73c2-b45e-e6dcfef127e2'), task_id='search_MaterialsAPI', dag_id='MP-pymatgen-jDFTx', run_id='manual__2025-09-02T00:12:58.064085+00:00', try_number=1, map_index=-1, hostname='ff1b112381ec', context_carrier={}, task=<Task(_PythonDecoratedOperator): search_MaterialsAPI>, bundle_instance=LocalDagBundle(name=dags-folder), max_tries=0, start_date=datetime.datetime(2025, 9, 2, 0, 12, 58, 794658, tzinfo=datetime.timezone.utc), end_date=None, state=<TaskInstanceState.RUNNING: 'running'>, is_mapped=False, rendered_map_index=None, log_url='http://localhost:8080/dags/MP-pymatgen-jDFTx/runs/manual__2025-09-02T00%3A12%3A58.064085%2B00%3A00/tasks/search_MaterialsAPI?try_number=1')","logger":"task"}
