{"timestamp":"2025-09-01T23:02:39.741989","level":"info","event":"DAG bundles loaded: dags-folder","logger":"airflow.dag_processing.bundles.manager.DagBundlesManager"}
{"timestamp":"2025-09-01T23:02:39.744413","level":"info","event":"Filling up the DagBag from /opt/airflow/dags/my_dag.py","logger":"airflow.models.dagbag.DagBag"}
{"timestamp":"2025-09-01T23:02:46.346567","level":"warning","event":"/opt/airflow/dags/my_dag.py:166: SyntaxWarning: invalid escape sequence '\\m'\n  plt.annotate(f'Capacitance: {fit1d[0]:.2f} $\\mu$F/cm$^2$',xy=[0.1, 0.9],xycoords=\"axes fraction\",c='r',fontsize=12)\n","logger":"py.warnings"}
{"timestamp":"2025-09-01T23:02:52.155166Z","level":"error","event":"\rRetrieving OxidationStateDoc documents:   0%|          | 0/131 [00:00<?, ?it/s]\rRetrieving OxidationStateDoc documents: 100%|██████████| 131/131 [00:00<00:00, 3591201.46it/s]","chan":"stderr","logger":"task"}
{"timestamp":"2025-09-01T23:02:52.156091Z","level":"info","event":"Number of entries from Materials Project: 131","chan":"stdout","logger":"task"}
{"timestamp":"2025-09-01T23:02:52.162553Z","level":"info","event":"Saved bulk POSCAR mp-1040910","chan":"stdout","logger":"task"}
{"timestamp":"2025-09-01T23:02:52.170295Z","level":"info","event":"Saved bulk POSCAR mp-1100929","chan":"stdout","logger":"task"}
{"timestamp":"2025-09-01T23:02:52.175975Z","level":"info","event":"Saved bulk POSCAR mp-1244901","chan":"stdout","logger":"task"}
{"timestamp":"2025-09-01T23:02:52.188222Z","level":"info","event":"Saved bulk POSCAR mp-1244920","chan":"stdout","logger":"task"}
{"timestamp":"2025-09-01T23:02:52.201071Z","level":"info","event":"Saved bulk POSCAR mp-1244961","chan":"stdout","logger":"task"}
{"timestamp":"2025-09-01T23:02:52.209790Z","level":"info","event":"Saved bulk POSCAR mp-1244985","chan":"stdout","logger":"task"}
{"timestamp":"2025-09-01T23:02:52.218666Z","level":"info","event":"Saved bulk POSCAR mp-1245012","chan":"stdout","logger":"task"}
{"timestamp":"2025-09-01T23:02:52.226707Z","level":"info","event":"Saved bulk POSCAR mp-1245040","chan":"stdout","logger":"task"}
{"timestamp":"2025-09-01T23:02:52.235403Z","level":"info","event":"Saved bulk POSCAR mp-1245047","chan":"stdout","logger":"task"}
{"timestamp":"2025-09-01T23:02:52.243143Z","level":"info","event":"Saved bulk POSCAR mp-1245049","chan":"stdout","logger":"task"}
{"timestamp":"2025-09-01T23:02:52.252420Z","level":"info","event":"Saved bulk POSCAR mp-1245058","chan":"stdout","logger":"task"}
{"timestamp":"2025-09-01T23:02:52.260933Z","level":"info","event":"Saved bulk POSCAR mp-1245061","chan":"stdout","logger":"task"}
{"timestamp":"2025-09-01T23:02:52.268362Z","level":"info","event":"Saved bulk POSCAR mp-1245059","chan":"stdout","logger":"task"}
{"timestamp":"2025-09-01T23:02:52.276051Z","level":"info","event":"Saved bulk POSCAR mp-1245096","chan":"stdout","logger":"task"}
{"timestamp":"2025-09-01T23:02:52.286129Z","level":"info","event":"Saved bulk POSCAR mp-1245142","chan":"stdout","logger":"task"}
{"timestamp":"2025-09-01T23:02:52.295423Z","level":"info","event":"Saved bulk POSCAR mp-1245171","chan":"stdout","logger":"task"}
{"timestamp":"2025-09-01T23:02:52.305020Z","level":"info","event":"Saved bulk POSCAR mp-1245198","chan":"stdout","logger":"task"}
{"timestamp":"2025-09-01T23:02:52.314217Z","level":"info","event":"Saved bulk POSCAR mp-1245219","chan":"stdout","logger":"task"}
{"timestamp":"2025-09-01T23:02:52.327864Z","level":"info","event":"Saved bulk POSCAR mp-1245240","chan":"stdout","logger":"task"}
{"timestamp":"2025-09-01T23:02:52.336542Z","level":"info","event":"Saved bulk POSCAR mp-1245272","chan":"stdout","logger":"task"}
{"timestamp":"2025-09-01T23:02:52.343804Z","level":"info","event":"Saved bulk POSCAR mp-1245275","chan":"stdout","logger":"task"}
{"timestamp":"2025-09-01T23:02:52.352938Z","level":"info","event":"Saved bulk POSCAR mp-1245284","chan":"stdout","logger":"task"}
{"timestamp":"2025-09-01T23:02:52.360588Z","level":"info","event":"Saved bulk POSCAR mp-1245283","chan":"stdout","logger":"task"}
{"timestamp":"2025-09-01T23:02:52.373253Z","level":"info","event":"Saved bulk POSCAR mp-1245315","chan":"stdout","logger":"task"}
{"timestamp":"2025-09-01T23:02:52.383980Z","level":"info","event":"Saved bulk POSCAR mp-1245312","chan":"stdout","logger":"task"}
{"timestamp":"2025-09-01T23:02:52.393746Z","level":"info","event":"Saved bulk POSCAR mp-1289705","chan":"stdout","logger":"task"}
{"timestamp":"2025-09-01T23:02:52.398923Z","level":"info","event":"Saved bulk POSCAR mp-2214725","chan":"stdout","logger":"task"}
{"timestamp":"2025-09-01T23:02:52.403665Z","level":"info","event":"Saved bulk POSCAR mp-1353031","chan":"stdout","logger":"task"}
{"timestamp":"2025-09-01T23:02:52.410605Z","level":"info","event":"Saved bulk POSCAR mp-716723","chan":"stdout","logger":"task"}
{"timestamp":"2025-09-01T23:02:52.417029Z","level":"info","event":"Saved bulk POSCAR mp-714932","chan":"stdout","logger":"task"}
{"timestamp":"2025-09-01T23:02:52.422917Z","level":"info","event":"Saved bulk POSCAR mp-715553","chan":"stdout","logger":"task"}
{"timestamp":"2025-09-01T23:02:52.427412Z","level":"info","event":"Saved bulk POSCAR mp-715598","chan":"stdout","logger":"task"}
{"timestamp":"2025-09-01T23:02:52.432791Z","level":"info","event":"Saved bulk POSCAR mp-715517","chan":"stdout","logger":"task"}
{"timestamp":"2025-09-01T23:02:52.440165Z","level":"info","event":"Saved bulk POSCAR mp-776583","chan":"stdout","logger":"task"}
{"timestamp":"2025-09-01T23:02:52.446571Z","level":"info","event":"Saved bulk POSCAR mp-777580","chan":"stdout","logger":"task"}
{"timestamp":"2025-09-01T23:02:52.451459Z","level":"info","event":"Saved bulk POSCAR mp-559445","chan":"stdout","logger":"task"}
{"timestamp":"2025-09-01T23:02:52.460570Z","level":"info","event":"Saved bulk POSCAR mp-566801","chan":"stdout","logger":"task"}
{"timestamp":"2025-09-01T23:02:52.465298Z","level":"info","event":"Saved bulk POSCAR mp-1446045","chan":"stdout","logger":"task"}
{"timestamp":"2025-09-01T23:02:52.470117Z","level":"info","event":"Saved bulk POSCAR mp-714921","chan":"stdout","logger":"task"}
{"timestamp":"2025-09-01T23:02:52.475523Z","level":"info","event":"Saved bulk POSCAR mp-870306","chan":"stdout","logger":"task"}
{"timestamp":"2025-09-01T23:02:52.481662Z","level":"info","event":"Saved bulk POSCAR mp-849581","chan":"stdout","logger":"task"}
{"timestamp":"2025-09-01T23:02:52.488761Z","level":"info","event":"Saved bulk POSCAR mp-1100908","chan":"stdout","logger":"task"}
{"timestamp":"2025-09-01T23:02:52.493968Z","level":"info","event":"Saved bulk POSCAR mp-1179363","chan":"stdout","logger":"task"}
{"timestamp":"2025-09-01T23:02:52.499378Z","level":"info","event":"Saved bulk POSCAR mp-18896","chan":"stdout","logger":"task"}
{"timestamp":"2025-09-01T23:02:52.505882Z","level":"info","event":"Saved bulk POSCAR mp-541404","chan":"stdout","logger":"task"}
{"timestamp":"2025-09-01T23:02:52.510713Z","level":"info","event":"Saved bulk POSCAR mp-714944","chan":"stdout","logger":"task"}
{"timestamp":"2025-09-01T23:02:52.515007Z","level":"info","event":"Saved bulk POSCAR mp-773019","chan":"stdout","logger":"task"}
{"timestamp":"2025-09-01T23:02:52.521293Z","level":"info","event":"Saved bulk POSCAR mp-755411","chan":"stdout","logger":"task"}
{"timestamp":"2025-09-01T23:02:52.527569Z","level":"info","event":"Saved bulk POSCAR mp-622497","chan":"stdout","logger":"task"}
{"timestamp":"2025-09-01T23:02:52.533775Z","level":"info","event":"Saved bulk POSCAR mp-1178787","chan":"stdout","logger":"task"}
{"timestamp":"2025-09-01T23:02:52.541169Z","level":"info","event":"Saved bulk POSCAR mp-19094","chan":"stdout","logger":"task"}
{"timestamp":"2025-09-01T23:02:52.546126Z","level":"info","event":"Saved bulk POSCAR mp-1208572","chan":"stdout","logger":"task"}
{"timestamp":"2025-09-01T23:02:52.553325Z","level":"info","event":"Saved bulk POSCAR mp-20593","chan":"stdout","logger":"task"}
{"timestamp":"2025-09-01T23:02:52.559733Z","level":"info","event":"Saved bulk POSCAR mp-1021522","chan":"stdout","logger":"task"}
{"timestamp":"2025-09-01T23:02:52.565157Z","level":"info","event":"Saved bulk POSCAR mp-1102963","chan":"stdout","logger":"task"}
{"timestamp":"2025-09-01T23:02:52.572301Z","level":"info","event":"Saved bulk POSCAR mp-1201338","chan":"stdout","logger":"task"}
{"timestamp":"2025-09-01T23:02:52.584621Z","level":"info","event":"Saved bulk POSCAR mp-2506972","chan":"stdout","logger":"task"}
{"timestamp":"2025-09-01T23:02:52.589756Z","level":"info","event":"Saved bulk POSCAR mp-778252","chan":"stdout","logger":"task"}
{"timestamp":"2025-09-01T23:02:52.600184Z","level":"info","event":"Saved bulk POSCAR mp-714960","chan":"stdout","logger":"task"}
{"timestamp":"2025-09-01T23:02:52.606967Z","level":"info","event":"Saved bulk POSCAR mp-1975157","chan":"stdout","logger":"task"}
{"timestamp":"2025-09-01T23:02:52.612337Z","level":"info","event":"Saved bulk POSCAR mp-1975342","chan":"stdout","logger":"task"}
{"timestamp":"2025-09-01T23:02:52.617720Z","level":"info","event":"Saved bulk POSCAR mp-30987","chan":"stdout","logger":"task"}
{"timestamp":"2025-09-01T23:02:52.624866Z","level":"info","event":"Saved bulk POSCAR mp-1780502","chan":"stdout","logger":"task"}
{"timestamp":"2025-09-01T23:02:52.630174Z","level":"info","event":"Saved bulk POSCAR mp-622640","chan":"stdout","logger":"task"}
{"timestamp":"2025-09-01T23:02:52.639161Z","level":"info","event":"Saved bulk POSCAR mp-796240","chan":"stdout","logger":"task"}
{"timestamp":"2025-09-01T23:02:52.645917Z","level":"info","event":"Saved bulk POSCAR mp-764115","chan":"stdout","logger":"task"}
{"timestamp":"2025-09-01T23:02:52.653139Z","level":"info","event":"Saved bulk POSCAR mp-1412582","chan":"stdout","logger":"task"}
{"timestamp":"2025-09-01T23:02:52.658110Z","level":"info","event":"Saved bulk POSCAR mp-760992","chan":"stdout","logger":"task"}
{"timestamp":"2025-09-01T23:02:52.665704Z","level":"info","event":"Saved bulk POSCAR mp-1420871","chan":"stdout","logger":"task"}
{"timestamp":"2025-09-01T23:02:52.670720Z","level":"info","event":"Saved bulk POSCAR mp-25199","chan":"stdout","logger":"task"}
{"timestamp":"2025-09-01T23:02:52.675365Z","level":"info","event":"Saved bulk POSCAR mp-1393040","chan":"stdout","logger":"task"}
{"timestamp":"2025-09-01T23:02:52.680889Z","level":"info","event":"Saved bulk POSCAR mp-1396942","chan":"stdout","logger":"task"}
{"timestamp":"2025-09-01T23:02:52.685418Z","level":"info","event":"Saved bulk POSCAR mp-1178831","chan":"stdout","logger":"task"}
{"timestamp":"2025-09-01T23:02:52.690918Z","level":"info","event":"Saved bulk POSCAR mp-1178988","chan":"stdout","logger":"task"}
{"timestamp":"2025-09-01T23:02:52.699011Z","level":"info","event":"Saved bulk POSCAR mp-1179536","chan":"stdout","logger":"task"}
{"timestamp":"2025-09-01T23:02:52.706561Z","level":"info","event":"Saved bulk POSCAR mp-1272338","chan":"stdout","logger":"task"}
{"timestamp":"2025-09-01T23:02:52.719094Z","level":"info","event":"Saved bulk POSCAR mp-1271757","chan":"stdout","logger":"task"}
{"timestamp":"2025-09-01T23:02:52.723866Z","level":"info","event":"Saved bulk POSCAR mp-1277428","chan":"stdout","logger":"task"}
{"timestamp":"2025-09-01T23:02:52.729009Z","level":"info","event":"Saved bulk POSCAR mp-1273559","chan":"stdout","logger":"task"}
{"timestamp":"2025-09-01T23:02:52.733936Z","level":"info","event":"Saved bulk POSCAR mp-27151","chan":"stdout","logger":"task"}
{"timestamp":"2025-09-01T23:02:52.744206Z","level":"info","event":"Saved bulk POSCAR mp-21018","chan":"stdout","logger":"task"}
{"timestamp":"2025-09-01T23:02:52.750356Z","level":"info","event":"Saved bulk POSCAR mp-30518","chan":"stdout","logger":"task"}
{"timestamp":"2025-09-01T23:02:52.758423Z","level":"info","event":"Saved bulk POSCAR mp-2506981","chan":"stdout","logger":"task"}
{"timestamp":"2025-09-01T23:02:52.765072Z","level":"info","event":"Saved bulk POSCAR mp-555597","chan":"stdout","logger":"task"}
{"timestamp":"2025-09-01T23:02:52.772217Z","level":"info","event":"Saved bulk POSCAR mp-542334","chan":"stdout","logger":"task"}
{"timestamp":"2025-09-01T23:02:52.777989Z","level":"info","event":"Saved bulk POSCAR mp-556566","chan":"stdout","logger":"task"}
{"timestamp":"2025-09-01T23:02:52.790194Z","level":"info","event":"Saved bulk POSCAR mp-559485","chan":"stdout","logger":"task"}
{"timestamp":"2025-09-01T23:02:52.796882Z","level":"info","event":"Saved bulk POSCAR mp-636746","chan":"stdout","logger":"task"}
{"timestamp":"2025-09-01T23:02:52.888455Z","level":"info","event":"Saved bulk POSCAR mp-715493","chan":"stdout","logger":"task"}
{"timestamp":"2025-09-01T23:02:52.893565Z","level":"info","event":"Saved bulk POSCAR mp-714931","chan":"stdout","logger":"task"}
{"timestamp":"2025-09-01T23:02:52.898478Z","level":"info","event":"Saved bulk POSCAR mp-715457","chan":"stdout","logger":"task"}
{"timestamp":"2025-09-01T23:02:52.903573Z","level":"info","event":"Saved bulk POSCAR mp-849511","chan":"stdout","logger":"task"}
{"timestamp":"2025-09-01T23:02:52.908434Z","level":"info","event":"Saved bulk POSCAR mp-25283","chan":"stdout","logger":"task"}
{"timestamp":"2025-09-01T23:02:52.914375Z","level":"info","event":"Saved bulk POSCAR mp-1284510","chan":"stdout","logger":"task"}
{"timestamp":"2025-09-01T23:02:52.919826Z","level":"info","event":"Saved bulk POSCAR mp-715035","chan":"stdout","logger":"task"}
{"timestamp":"2025-09-01T23:02:52.925043Z","level":"info","event":"Saved bulk POSCAR mp-1285335","chan":"stdout","logger":"task"}
{"timestamp":"2025-09-01T23:02:52.930264Z","level":"info","event":"Saved bulk POSCAR mp-2214678","chan":"stdout","logger":"task"}
{"timestamp":"2025-09-01T23:02:52.935054Z","level":"info","event":"Saved bulk POSCAR mp-1101328","chan":"stdout","logger":"task"}
{"timestamp":"2025-09-01T23:02:52.958012Z","level":"info","event":"Saved bulk POSCAR mp-1273390","chan":"stdout","logger":"task"}
{"timestamp":"2025-09-01T23:02:52.964101Z","level":"info","event":"Saved bulk POSCAR mp-1274098","chan":"stdout","logger":"task"}
{"timestamp":"2025-09-01T23:02:52.969754Z","level":"info","event":"Saved bulk POSCAR mp-1272932","chan":"stdout","logger":"task"}
{"timestamp":"2025-09-01T23:02:52.974969Z","level":"info","event":"Saved bulk POSCAR mp-1314858","chan":"stdout","logger":"task"}
{"timestamp":"2025-09-01T23:02:52.980688Z","level":"info","event":"Saved bulk POSCAR mp-772530","chan":"stdout","logger":"task"}
{"timestamp":"2025-09-01T23:02:52.986869Z","level":"info","event":"Saved bulk POSCAR mp-754451","chan":"stdout","logger":"task"}
{"timestamp":"2025-09-01T23:02:52.992506Z","level":"info","event":"Saved bulk POSCAR mp-547074","chan":"stdout","logger":"task"}
{"timestamp":"2025-09-01T23:02:52.998159Z","level":"info","event":"Saved bulk POSCAR mp-1342978","chan":"stdout","logger":"task"}
{"timestamp":"2025-09-01T23:02:53.004212Z","level":"info","event":"Saved bulk POSCAR mp-1094031","chan":"stdout","logger":"task"}
{"timestamp":"2025-09-01T23:02:53.010658Z","level":"info","event":"Saved bulk POSCAR mp-1190609","chan":"stdout","logger":"task"}
{"timestamp":"2025-09-01T23:02:53.016440Z","level":"info","event":"Saved bulk POSCAR mp-1379199","chan":"stdout","logger":"task"}
{"timestamp":"2025-09-01T23:02:53.023308Z","level":"info","event":"Saved bulk POSCAR mp-20974","chan":"stdout","logger":"task"}
{"timestamp":"2025-09-01T23:02:53.028686Z","level":"info","event":"Saved bulk POSCAR mp-27412","chan":"stdout","logger":"task"}
{"timestamp":"2025-09-01T23:02:53.035209Z","level":"info","event":"Saved bulk POSCAR mp-2739064","chan":"stdout","logger":"task"}
{"timestamp":"2025-09-01T23:02:53.041048Z","level":"info","event":"Saved bulk POSCAR mp-777479","chan":"stdout","logger":"task"}
{"timestamp":"2025-09-01T23:02:53.047122Z","level":"info","event":"Saved bulk POSCAR mp-1047618","chan":"stdout","logger":"task"}
{"timestamp":"2025-09-01T23:02:53.052953Z","level":"info","event":"Saved bulk POSCAR mp-2214803","chan":"stdout","logger":"task"}
{"timestamp":"2025-09-01T23:02:53.058649Z","level":"info","event":"Saved bulk POSCAR mp-715617","chan":"stdout","logger":"task"}
{"timestamp":"2025-09-01T23:02:53.066004Z","level":"info","event":"Saved bulk POSCAR mp-715664","chan":"stdout","logger":"task"}
{"timestamp":"2025-09-01T23:02:53.073608Z","level":"info","event":"Saved bulk POSCAR mp-777469","chan":"stdout","logger":"task"}
{"timestamp":"2025-09-01T23:02:53.079094Z","level":"info","event":"Saved bulk POSCAR mp-849537","chan":"stdout","logger":"task"}
{"timestamp":"2025-09-01T23:02:53.085233Z","level":"info","event":"Saved bulk POSCAR mp-1196958","chan":"stdout","logger":"task"}
{"timestamp":"2025-09-01T23:02:53.092708Z","level":"info","event":"Saved bulk POSCAR mp-1274771","chan":"stdout","logger":"task"}
{"timestamp":"2025-09-01T23:02:53.107938Z","level":"info","event":"Saved bulk POSCAR mp-1271792","chan":"stdout","logger":"task"}
{"timestamp":"2025-09-01T23:02:53.115697Z","level":"info","event":"Saved bulk POSCAR mp-755394","chan":"stdout","logger":"task"}
{"timestamp":"2025-09-01T23:02:53.122243Z","level":"info","event":"Saved bulk POSCAR mp-1179073","chan":"stdout","logger":"task"}
{"timestamp":"2025-09-01T23:02:53.130476Z","level":"info","event":"Saved bulk POSCAR mp-1361684","chan":"stdout","logger":"task"}
{"timestamp":"2025-09-01T23:02:53.137539Z","level":"info","event":"Saved bulk POSCAR mp-19457","chan":"stdout","logger":"task"}
{"timestamp":"2025-09-01T23:02:53.145191Z","level":"info","event":"Saved bulk POSCAR mp-1974654","chan":"stdout","logger":"task"}
{"timestamp":"2025-09-01T23:02:53.152160Z","level":"info","event":"Saved bulk POSCAR mp-1271755","chan":"stdout","logger":"task"}
{"timestamp":"2025-09-01T23:02:53.157898Z","level":"info","event":"Saved bulk POSCAR mp-634430","chan":"stdout","logger":"task"}
{"timestamp":"2025-09-01T23:02:53.163672Z","level":"info","event":"Saved bulk POSCAR mp-1277117","chan":"stdout","logger":"task"}
{"timestamp":"2025-09-01T23:02:53.170069Z","level":"info","event":"Saved bulk POSCAR mp-714911","chan":"stdout","logger":"task"}
{"timestamp":"2025-09-01T23:02:53.179457","level":"info","event":"Done. Returned value was: [MPID(mp-1040910), MPID(mp-1100929), MPID(mp-1244901), MPID(mp-1244920), MPID(mp-1244961), MPID(mp-1244985), MPID(mp-1245012), MPID(mp-1245040), MPID(mp-1245047), MPID(mp-1245049), MPID(mp-1245058), MPID(mp-1245061), MPID(mp-1245059), MPID(mp-1245096), MPID(mp-1245142), MPID(mp-1245171), MPID(mp-1245198), MPID(mp-1245219), MPID(mp-1245240), MPID(mp-1245272), MPID(mp-1245275), MPID(mp-1245284), MPID(mp-1245283), MPID(mp-1245315), MPID(mp-1245312), MPID(mp-1289705), MPID(mp-2214725), MPID(mp-1353031), MPID(mp-716723), MPID(mp-714932), MPID(mp-715553), MPID(mp-715598), MPID(mp-715517), MPID(mp-776583), MPID(mp-777580), MPID(mp-559445), MPID(mp-566801), MPID(mp-1446045), MPID(mp-714921), MPID(mp-870306), MPID(mp-849581), MPID(mp-1100908), MPID(mp-1179363), MPID(mp-18896), MPID(mp-541404), MPID(mp-714944), MPID(mp-773019), MPID(mp-755411), MPID(mp-622497), MPID(mp-1178787), MPID(mp-19094), MPID(mp-1208572), MPID(mp-20593), MPID(mp-1021522), MPID(mp-1102963), MPID(mp-1201338), MPID(mp-2506972), MPID(mp-778252), MPID(mp-714960), MPID(mp-1975157), MPID(mp-1975342), MPID(mp-30987), MPID(mp-1780502), MPID(mp-622640), MPID(mp-796240), MPID(mp-764115), MPID(mp-1412582), MPID(mp-760992), MPID(mp-1420871), MPID(mp-25199), MPID(mp-1393040), MPID(mp-1396942), MPID(mp-1178831), MPID(mp-1178988), MPID(mp-1179536), MPID(mp-1272338), MPID(mp-1271757), MPID(mp-1277428), MPID(mp-1273559), MPID(mp-27151), MPID(mp-21018), MPID(mp-30518), MPID(mp-2506981), MPID(mp-555597), MPID(mp-542334), MPID(mp-556566), MPID(mp-559485), MPID(mp-636746), MPID(mp-715493), MPID(mp-714931), MPID(mp-715457), MPID(mp-849511), MPID(mp-25283), MPID(mp-1284510), MPID(mp-715035), MPID(mp-1285335), MPID(mp-2214678), MPID(mp-1101328), MPID(mp-1273390), MPID(mp-1274098), MPID(mp-1272932), MPID(mp-1314858), MPID(mp-772530), MPID(mp-754451), MPID(mp-547074), MPID(mp-1342978), MPID(mp-1094031), MPID(mp-1190609), MPID(mp-1379199), MPID(mp-20974), MPID(mp-27412), MPID(mp-2739064), MPID(mp-777479), MPID(mp-1047618), MPID(mp-2214803), MPID(mp-715617), MPID(mp-715664), MPID(mp-777469), MPID(mp-849537), MPID(mp-1196958), MPID(mp-1274771), MPID(mp-1271792), MPID(mp-755394), MPID(mp-1179073), MPID(mp-1361684), MPID(mp-19457), MPID(mp-1974654), MPID(mp-1271755), MPID(mp-634430), MPID(mp-1277117), MPID(mp-714911)]","logger":"airflow.task.operators.airflow.providers.standard.decorators.python._PythonDecoratedOperator"}
{"timestamp":"2025-09-01T23:02:53.179898","level":"info","event":"Pushing xcom","ti":"RuntimeTaskInstance(id=UUID('01990784-a9c4-720b-8b93-880e988d87c3'), task_id='search_MaterialsAPI', dag_id='MP-pymatgen-jDFTx', run_id='manual__2025-09-01T23:02:38.752554+00:00', try_number=1, map_index=-1, hostname='41a82e7e5a55', context_carrier={}, task=<Task(_PythonDecoratedOperator): search_MaterialsAPI>, bundle_instance=LocalDagBundle(name=dags-folder), max_tries=0, start_date=datetime.datetime(2025, 9, 1, 23, 2, 39, 408842, tzinfo=datetime.timezone.utc), end_date=None, state=<TaskInstanceState.RUNNING: 'running'>, is_mapped=False, rendered_map_index=None, log_url='http://localhost:8080/dags/MP-pymatgen-jDFTx/runs/manual__2025-09-01T23%3A02%3A38.752554%2B00%3A00/tasks/search_MaterialsAPI?try_number=1')","logger":"task"}
