{"timestamp":"2025-09-01T18:42:58.377190","level":"info","event":"DAG bundles loaded: dags-folder","logger":"airflow.dag_processing.bundles.manager.DagBundlesManager"}
{"timestamp":"2025-09-01T18:42:58.378035","level":"info","event":"Filling up the DagBag from /opt/airflow/dags/my_dag.py","logger":"airflow.models.dagbag.DagBag"}
{"timestamp":"2025-09-01T18:43:03.467002Z","level":"error","event":"\rRetrieving OxidationStateDoc documents:   0%|          | 0/131 [00:00<?, ?it/s]\rRetrieving OxidationStateDoc documents: 100%|██████████| 131/131 [00:00<00:00, 3924670.17it/s]","chan":"stderr","logger":"task"}
{"timestamp":"2025-09-01T18:43:03.479767Z","level":"info","event":"Number of entries from Materials Project: 131","chan":"stdout","logger":"task"}
{"timestamp":"2025-09-01T18:43:03.480156Z","level":"info","event":"Saved bulk POSCAR mp-1040910","chan":"stdout","logger":"task"}
{"timestamp":"2025-09-01T18:43:03.481008Z","level":"info","event":"Saved bulk POSCAR mp-1100929","chan":"stdout","logger":"task"}
{"timestamp":"2025-09-01T18:43:03.482810Z","level":"info","event":"Saved bulk POSCAR mp-1244901","chan":"stdout","logger":"task"}
{"timestamp":"2025-09-01T18:43:03.491167Z","level":"info","event":"Saved bulk POSCAR mp-1244920","chan":"stdout","logger":"task"}
{"timestamp":"2025-09-01T18:43:03.500562Z","level":"info","event":"Saved bulk POSCAR mp-1244961","chan":"stdout","logger":"task"}
{"timestamp":"2025-09-01T18:43:03.507963Z","level":"info","event":"Saved bulk POSCAR mp-1244985","chan":"stdout","logger":"task"}
{"timestamp":"2025-09-01T18:43:03.514705Z","level":"info","event":"Saved bulk POSCAR mp-1245012","chan":"stdout","logger":"task"}
{"timestamp":"2025-09-01T18:43:03.521210Z","level":"info","event":"Saved bulk POSCAR mp-1245040","chan":"stdout","logger":"task"}
{"timestamp":"2025-09-01T18:43:03.527988Z","level":"info","event":"Saved bulk POSCAR mp-1245047","chan":"stdout","logger":"task"}
{"timestamp":"2025-09-01T18:43:03.534127Z","level":"info","event":"Saved bulk POSCAR mp-1245049","chan":"stdout","logger":"task"}
{"timestamp":"2025-09-01T18:43:03.540831Z","level":"info","event":"Saved bulk POSCAR mp-1245058","chan":"stdout","logger":"task"}
{"timestamp":"2025-09-01T18:43:03.547386Z","level":"info","event":"Saved bulk POSCAR mp-1245061","chan":"stdout","logger":"task"}
{"timestamp":"2025-09-01T18:43:03.554358Z","level":"info","event":"Saved bulk POSCAR mp-1245059","chan":"stdout","logger":"task"}
{"timestamp":"2025-09-01T18:43:03.561238Z","level":"info","event":"Saved bulk POSCAR mp-1245096","chan":"stdout","logger":"task"}
{"timestamp":"2025-09-01T18:43:03.569347Z","level":"info","event":"Saved bulk POSCAR mp-1245142","chan":"stdout","logger":"task"}
{"timestamp":"2025-09-01T18:43:03.577929Z","level":"info","event":"Saved bulk POSCAR mp-1245171","chan":"stdout","logger":"task"}
{"timestamp":"2025-09-01T18:43:03.583904Z","level":"info","event":"Saved bulk POSCAR mp-1245198","chan":"stdout","logger":"task"}
{"timestamp":"2025-09-01T18:43:03.590430Z","level":"info","event":"Saved bulk POSCAR mp-1245219","chan":"stdout","logger":"task"}
{"timestamp":"2025-09-01T18:43:03.596717Z","level":"info","event":"Saved bulk POSCAR mp-1245240","chan":"stdout","logger":"task"}
{"timestamp":"2025-09-01T18:43:03.603431Z","level":"info","event":"Saved bulk POSCAR mp-1245272","chan":"stdout","logger":"task"}
{"timestamp":"2025-09-01T18:43:03.609560Z","level":"info","event":"Saved bulk POSCAR mp-1245275","chan":"stdout","logger":"task"}
{"timestamp":"2025-09-01T18:43:03.616442Z","level":"info","event":"Saved bulk POSCAR mp-1245284","chan":"stdout","logger":"task"}
{"timestamp":"2025-09-01T18:43:03.623130Z","level":"info","event":"Saved bulk POSCAR mp-1245283","chan":"stdout","logger":"task"}
{"timestamp":"2025-09-01T18:43:03.630120Z","level":"info","event":"Saved bulk POSCAR mp-1245315","chan":"stdout","logger":"task"}
{"timestamp":"2025-09-01T18:43:03.636344Z","level":"info","event":"Saved bulk POSCAR mp-1245312","chan":"stdout","logger":"task"}
{"timestamp":"2025-09-01T18:43:03.642701Z","level":"info","event":"Saved bulk POSCAR mp-1289705","chan":"stdout","logger":"task"}
{"timestamp":"2025-09-01T18:43:03.650262Z","level":"info","event":"Saved bulk POSCAR mp-2214725","chan":"stdout","logger":"task"}
{"timestamp":"2025-09-01T18:43:03.654410Z","level":"info","event":"Saved bulk POSCAR mp-1353031","chan":"stdout","logger":"task"}
{"timestamp":"2025-09-01T18:43:03.659137Z","level":"info","event":"Saved bulk POSCAR mp-716723","chan":"stdout","logger":"task"}
{"timestamp":"2025-09-01T18:43:03.664667Z","level":"info","event":"Saved bulk POSCAR mp-714932","chan":"stdout","logger":"task"}
{"timestamp":"2025-09-01T18:43:03.669104Z","level":"info","event":"Saved bulk POSCAR mp-715553","chan":"stdout","logger":"task"}
{"timestamp":"2025-09-01T18:43:03.672538Z","level":"info","event":"Saved bulk POSCAR mp-715598","chan":"stdout","logger":"task"}
{"timestamp":"2025-09-01T18:43:03.677842Z","level":"info","event":"Saved bulk POSCAR mp-715517","chan":"stdout","logger":"task"}
{"timestamp":"2025-09-01T18:43:03.683746Z","level":"info","event":"Saved bulk POSCAR mp-776583","chan":"stdout","logger":"task"}
{"timestamp":"2025-09-01T18:43:03.688786Z","level":"info","event":"Saved bulk POSCAR mp-777580","chan":"stdout","logger":"task"}
{"timestamp":"2025-09-01T18:43:03.692748Z","level":"info","event":"Saved bulk POSCAR mp-559445","chan":"stdout","logger":"task"}
{"timestamp":"2025-09-01T18:43:03.697776Z","level":"info","event":"Saved bulk POSCAR mp-566801","chan":"stdout","logger":"task"}
{"timestamp":"2025-09-01T18:43:03.702274Z","level":"info","event":"Saved bulk POSCAR mp-1446045","chan":"stdout","logger":"task"}
{"timestamp":"2025-09-01T18:43:03.706037Z","level":"info","event":"Saved bulk POSCAR mp-714921","chan":"stdout","logger":"task"}
{"timestamp":"2025-09-01T18:43:03.710993Z","level":"info","event":"Saved bulk POSCAR mp-870306","chan":"stdout","logger":"task"}
{"timestamp":"2025-09-01T18:43:03.716584Z","level":"info","event":"Saved bulk POSCAR mp-849581","chan":"stdout","logger":"task"}
{"timestamp":"2025-09-01T18:43:03.721856Z","level":"info","event":"Saved bulk POSCAR mp-1100908","chan":"stdout","logger":"task"}
{"timestamp":"2025-09-01T18:43:03.730110Z","level":"info","event":"Saved bulk POSCAR mp-1179363","chan":"stdout","logger":"task"}
{"timestamp":"2025-09-01T18:43:03.734745Z","level":"info","event":"Saved bulk POSCAR mp-18896","chan":"stdout","logger":"task"}
{"timestamp":"2025-09-01T18:43:03.740484Z","level":"info","event":"Saved bulk POSCAR mp-541404","chan":"stdout","logger":"task"}
{"timestamp":"2025-09-01T18:43:03.745214Z","level":"info","event":"Saved bulk POSCAR mp-714944","chan":"stdout","logger":"task"}
{"timestamp":"2025-09-01T18:43:03.748792Z","level":"info","event":"Saved bulk POSCAR mp-773019","chan":"stdout","logger":"task"}
{"timestamp":"2025-09-01T18:43:03.753018Z","level":"info","event":"Saved bulk POSCAR mp-755411","chan":"stdout","logger":"task"}
{"timestamp":"2025-09-01T18:43:03.757499Z","level":"info","event":"Saved bulk POSCAR mp-622497","chan":"stdout","logger":"task"}
{"timestamp":"2025-09-01T18:43:03.761855Z","level":"info","event":"Saved bulk POSCAR mp-1178787","chan":"stdout","logger":"task"}
{"timestamp":"2025-09-01T18:43:03.766307Z","level":"info","event":"Saved bulk POSCAR mp-19094","chan":"stdout","logger":"task"}
{"timestamp":"2025-09-01T18:43:03.770141Z","level":"info","event":"Saved bulk POSCAR mp-1208572","chan":"stdout","logger":"task"}
{"timestamp":"2025-09-01T18:43:03.775530Z","level":"info","event":"Saved bulk POSCAR mp-20593","chan":"stdout","logger":"task"}
{"timestamp":"2025-09-01T18:43:03.780419Z","level":"info","event":"Saved bulk POSCAR mp-1021522","chan":"stdout","logger":"task"}
{"timestamp":"2025-09-01T18:43:03.784728Z","level":"info","event":"Saved bulk POSCAR mp-1102963","chan":"stdout","logger":"task"}
{"timestamp":"2025-09-01T18:43:03.788628Z","level":"info","event":"Saved bulk POSCAR mp-1201338","chan":"stdout","logger":"task"}
{"timestamp":"2025-09-01T18:43:03.793085Z","level":"info","event":"Saved bulk POSCAR mp-2506972","chan":"stdout","logger":"task"}
{"timestamp":"2025-09-01T18:43:03.796897Z","level":"info","event":"Saved bulk POSCAR mp-778252","chan":"stdout","logger":"task"}
{"timestamp":"2025-09-01T18:43:03.802919Z","level":"info","event":"Saved bulk POSCAR mp-714960","chan":"stdout","logger":"task"}
{"timestamp":"2025-09-01T18:43:03.810961Z","level":"info","event":"Saved bulk POSCAR mp-1975157","chan":"stdout","logger":"task"}
{"timestamp":"2025-09-01T18:43:03.815581Z","level":"info","event":"Saved bulk POSCAR mp-1975342","chan":"stdout","logger":"task"}
{"timestamp":"2025-09-01T18:43:03.820505Z","level":"info","event":"Saved bulk POSCAR mp-30987","chan":"stdout","logger":"task"}
{"timestamp":"2025-09-01T18:43:03.825326Z","level":"info","event":"Saved bulk POSCAR mp-1780502","chan":"stdout","logger":"task"}
{"timestamp":"2025-09-01T18:43:03.829862Z","level":"info","event":"Saved bulk POSCAR mp-622640","chan":"stdout","logger":"task"}
{"timestamp":"2025-09-01T18:43:03.835342Z","level":"info","event":"Saved bulk POSCAR mp-796240","chan":"stdout","logger":"task"}
{"timestamp":"2025-09-01T18:43:03.840448Z","level":"info","event":"Saved bulk POSCAR mp-764115","chan":"stdout","logger":"task"}
{"timestamp":"2025-09-01T18:43:03.846701Z","level":"info","event":"Saved bulk POSCAR mp-1412582","chan":"stdout","logger":"task"}
{"timestamp":"2025-09-01T18:43:03.850840Z","level":"info","event":"Saved bulk POSCAR mp-760992","chan":"stdout","logger":"task"}
{"timestamp":"2025-09-01T18:43:03.856148Z","level":"info","event":"Saved bulk POSCAR mp-1420871","chan":"stdout","logger":"task"}
{"timestamp":"2025-09-01T18:43:03.860587Z","level":"info","event":"Saved bulk POSCAR mp-25199","chan":"stdout","logger":"task"}
{"timestamp":"2025-09-01T18:43:03.864659Z","level":"info","event":"Saved bulk POSCAR mp-1393040","chan":"stdout","logger":"task"}
{"timestamp":"2025-09-01T18:43:03.868573Z","level":"info","event":"Saved bulk POSCAR mp-1396942","chan":"stdout","logger":"task"}
{"timestamp":"2025-09-01T18:43:03.872351Z","level":"info","event":"Saved bulk POSCAR mp-1178831","chan":"stdout","logger":"task"}
{"timestamp":"2025-09-01T18:43:03.876514Z","level":"info","event":"Saved bulk POSCAR mp-1178988","chan":"stdout","logger":"task"}
{"timestamp":"2025-09-01T18:43:03.882740Z","level":"info","event":"Saved bulk POSCAR mp-1179536","chan":"stdout","logger":"task"}
{"timestamp":"2025-09-01T18:43:03.891715Z","level":"info","event":"Saved bulk POSCAR mp-1272338","chan":"stdout","logger":"task"}
{"timestamp":"2025-09-01T18:43:03.896253Z","level":"info","event":"Saved bulk POSCAR mp-1271757","chan":"stdout","logger":"task"}
{"timestamp":"2025-09-01T18:43:03.900193Z","level":"info","event":"Saved bulk POSCAR mp-1277428","chan":"stdout","logger":"task"}
{"timestamp":"2025-09-01T18:43:03.905406Z","level":"info","event":"Saved bulk POSCAR mp-1273559","chan":"stdout","logger":"task"}
{"timestamp":"2025-09-01T18:43:03.909531Z","level":"info","event":"Saved bulk POSCAR mp-27151","chan":"stdout","logger":"task"}
{"timestamp":"2025-09-01T18:43:03.915995Z","level":"info","event":"Saved bulk POSCAR mp-21018","chan":"stdout","logger":"task"}
{"timestamp":"2025-09-01T18:43:03.921090Z","level":"info","event":"Saved bulk POSCAR mp-30518","chan":"stdout","logger":"task"}
{"timestamp":"2025-09-01T18:43:03.927132Z","level":"info","event":"Saved bulk POSCAR mp-2506981","chan":"stdout","logger":"task"}
{"timestamp":"2025-09-01T18:43:03.932024Z","level":"info","event":"Saved bulk POSCAR mp-555597","chan":"stdout","logger":"task"}
{"timestamp":"2025-09-01T18:43:03.936370Z","level":"info","event":"Saved bulk POSCAR mp-542334","chan":"stdout","logger":"task"}
{"timestamp":"2025-09-01T18:43:03.941025Z","level":"info","event":"Saved bulk POSCAR mp-556566","chan":"stdout","logger":"task"}
{"timestamp":"2025-09-01T18:43:03.946289Z","level":"info","event":"Saved bulk POSCAR mp-559485","chan":"stdout","logger":"task"}
{"timestamp":"2025-09-01T18:43:03.951735Z","level":"info","event":"Saved bulk POSCAR mp-636746","chan":"stdout","logger":"task"}
{"timestamp":"2025-09-01T18:43:03.956692Z","level":"info","event":"Saved bulk POSCAR mp-715493","chan":"stdout","logger":"task"}
{"timestamp":"2025-09-01T18:43:03.961884Z","level":"info","event":"Saved bulk POSCAR mp-714931","chan":"stdout","logger":"task"}
{"timestamp":"2025-09-01T18:43:03.966220Z","level":"info","event":"Saved bulk POSCAR mp-715457","chan":"stdout","logger":"task"}
{"timestamp":"2025-09-01T18:43:03.973851Z","level":"info","event":"Saved bulk POSCAR mp-849511","chan":"stdout","logger":"task"}
{"timestamp":"2025-09-01T18:43:03.978054Z","level":"info","event":"Saved bulk POSCAR mp-25283","chan":"stdout","logger":"task"}
{"timestamp":"2025-09-01T18:43:03.983522Z","level":"info","event":"Saved bulk POSCAR mp-1284510","chan":"stdout","logger":"task"}
{"timestamp":"2025-09-01T18:43:03.988138Z","level":"info","event":"Saved bulk POSCAR mp-715035","chan":"stdout","logger":"task"}
{"timestamp":"2025-09-01T18:43:03.992689Z","level":"info","event":"Saved bulk POSCAR mp-1285335","chan":"stdout","logger":"task"}
{"timestamp":"2025-09-01T18:43:03.997165Z","level":"info","event":"Saved bulk POSCAR mp-2214678","chan":"stdout","logger":"task"}
{"timestamp":"2025-09-01T18:43:04.001463Z","level":"info","event":"Saved bulk POSCAR mp-1101328","chan":"stdout","logger":"task"}
{"timestamp":"2025-09-01T18:43:04.006375Z","level":"info","event":"Saved bulk POSCAR mp-1273390","chan":"stdout","logger":"task"}
{"timestamp":"2025-09-01T18:43:04.010548Z","level":"info","event":"Saved bulk POSCAR mp-1274098","chan":"stdout","logger":"task"}
{"timestamp":"2025-09-01T18:43:04.014422Z","level":"info","event":"Saved bulk POSCAR mp-1272932","chan":"stdout","logger":"task"}
{"timestamp":"2025-09-01T18:43:04.018599Z","level":"info","event":"Saved bulk POSCAR mp-1314858","chan":"stdout","logger":"task"}
{"timestamp":"2025-09-01T18:43:04.022727Z","level":"info","event":"Saved bulk POSCAR mp-772530","chan":"stdout","logger":"task"}
{"timestamp":"2025-09-01T18:43:04.028203Z","level":"info","event":"Saved bulk POSCAR mp-754451","chan":"stdout","logger":"task"}
{"timestamp":"2025-09-01T18:43:04.032031Z","level":"info","event":"Saved bulk POSCAR mp-547074","chan":"stdout","logger":"task"}
{"timestamp":"2025-09-01T18:43:04.036055Z","level":"info","event":"Saved bulk POSCAR mp-1342978","chan":"stdout","logger":"task"}
{"timestamp":"2025-09-01T18:43:04.040193Z","level":"info","event":"Saved bulk POSCAR mp-1094031","chan":"stdout","logger":"task"}
{"timestamp":"2025-09-01T18:43:04.044967Z","level":"info","event":"Saved bulk POSCAR mp-1190609","chan":"stdout","logger":"task"}
{"timestamp":"2025-09-01T18:43:04.052393Z","level":"info","event":"Saved bulk POSCAR mp-1379199","chan":"stdout","logger":"task"}
{"timestamp":"2025-09-01T18:43:04.057962Z","level":"info","event":"Saved bulk POSCAR mp-20974","chan":"stdout","logger":"task"}
{"timestamp":"2025-09-01T18:43:04.062446Z","level":"info","event":"Saved bulk POSCAR mp-27412","chan":"stdout","logger":"task"}
{"timestamp":"2025-09-01T18:43:04.068047Z","level":"info","event":"Saved bulk POSCAR mp-2739064","chan":"stdout","logger":"task"}
{"timestamp":"2025-09-01T18:43:04.072580Z","level":"info","event":"Saved bulk POSCAR mp-777479","chan":"stdout","logger":"task"}
{"timestamp":"2025-09-01T18:43:04.077171Z","level":"info","event":"Saved bulk POSCAR mp-1047618","chan":"stdout","logger":"task"}
{"timestamp":"2025-09-01T18:43:04.081356Z","level":"info","event":"Saved bulk POSCAR mp-2214803","chan":"stdout","logger":"task"}
{"timestamp":"2025-09-01T18:43:04.086281Z","level":"info","event":"Saved bulk POSCAR mp-715617","chan":"stdout","logger":"task"}
{"timestamp":"2025-09-01T18:43:04.090512Z","level":"info","event":"Saved bulk POSCAR mp-715664","chan":"stdout","logger":"task"}
{"timestamp":"2025-09-01T18:43:04.096037Z","level":"info","event":"Saved bulk POSCAR mp-777469","chan":"stdout","logger":"task"}
{"timestamp":"2025-09-01T18:43:04.099992Z","level":"info","event":"Saved bulk POSCAR mp-849537","chan":"stdout","logger":"task"}
{"timestamp":"2025-09-01T18:43:04.104584Z","level":"info","event":"Saved bulk POSCAR mp-1196958","chan":"stdout","logger":"task"}
{"timestamp":"2025-09-01T18:43:04.108663Z","level":"info","event":"Saved bulk POSCAR mp-1274771","chan":"stdout","logger":"task"}
{"timestamp":"2025-09-01T18:43:04.113093Z","level":"info","event":"Saved bulk POSCAR mp-1271792","chan":"stdout","logger":"task"}
{"timestamp":"2025-09-01T18:43:04.117509Z","level":"info","event":"Saved bulk POSCAR mp-755394","chan":"stdout","logger":"task"}
{"timestamp":"2025-09-01T18:43:04.121233Z","level":"info","event":"Saved bulk POSCAR mp-1179073","chan":"stdout","logger":"task"}
{"timestamp":"2025-09-01T18:43:04.129255Z","level":"info","event":"Saved bulk POSCAR mp-1361684","chan":"stdout","logger":"task"}
{"timestamp":"2025-09-01T18:43:04.133819Z","level":"info","event":"Saved bulk POSCAR mp-19457","chan":"stdout","logger":"task"}
{"timestamp":"2025-09-01T18:43:04.137483Z","level":"info","event":"Saved bulk POSCAR mp-1974654","chan":"stdout","logger":"task"}
{"timestamp":"2025-09-01T18:43:04.141545Z","level":"info","event":"Saved bulk POSCAR mp-1271755","chan":"stdout","logger":"task"}
{"timestamp":"2025-09-01T18:43:04.145832Z","level":"info","event":"Saved bulk POSCAR mp-634430","chan":"stdout","logger":"task"}
{"timestamp":"2025-09-01T18:43:04.152787Z","level":"info","event":"Saved bulk POSCAR mp-1277117","chan":"stdout","logger":"task"}
{"timestamp":"2025-09-01T18:43:04.156782Z","level":"info","event":"Saved bulk POSCAR mp-714911","chan":"stdout","logger":"task"}
{"timestamp":"2025-09-01T18:43:04.164060","level":"info","event":"Done. Returned value was: [MPID(mp-1040910), MPID(mp-1100929), MPID(mp-1244901), MPID(mp-1244920), MPID(mp-1244961), MPID(mp-1244985), MPID(mp-1245012), MPID(mp-1245040), MPID(mp-1245047), MPID(mp-1245049), MPID(mp-1245058), MPID(mp-1245061), MPID(mp-1245059), MPID(mp-1245096), MPID(mp-1245142), MPID(mp-1245171), MPID(mp-1245198), MPID(mp-1245219), MPID(mp-1245240), MPID(mp-1245272), MPID(mp-1245275), MPID(mp-1245284), MPID(mp-1245283), MPID(mp-1245315), MPID(mp-1245312), MPID(mp-1289705), MPID(mp-2214725), MPID(mp-1353031), MPID(mp-716723), MPID(mp-714932), MPID(mp-715553), MPID(mp-715598), MPID(mp-715517), MPID(mp-776583), MPID(mp-777580), MPID(mp-559445), MPID(mp-566801), MPID(mp-1446045), MPID(mp-714921), MPID(mp-870306), MPID(mp-849581), MPID(mp-1100908), MPID(mp-1179363), MPID(mp-18896), MPID(mp-541404), MPID(mp-714944), MPID(mp-773019), MPID(mp-755411), MPID(mp-622497), MPID(mp-1178787), MPID(mp-19094), MPID(mp-1208572), MPID(mp-20593), MPID(mp-1021522), MPID(mp-1102963), MPID(mp-1201338), MPID(mp-2506972), MPID(mp-778252), MPID(mp-714960), MPID(mp-1975157), MPID(mp-1975342), MPID(mp-30987), MPID(mp-1780502), MPID(mp-622640), MPID(mp-796240), MPID(mp-764115), MPID(mp-1412582), MPID(mp-760992), MPID(mp-1420871), MPID(mp-25199), MPID(mp-1393040), MPID(mp-1396942), MPID(mp-1178831), MPID(mp-1178988), MPID(mp-1179536), MPID(mp-1272338), MPID(mp-1271757), MPID(mp-1277428), MPID(mp-1273559), MPID(mp-27151), MPID(mp-21018), MPID(mp-30518), MPID(mp-2506981), MPID(mp-555597), MPID(mp-542334), MPID(mp-556566), MPID(mp-559485), MPID(mp-636746), MPID(mp-715493), MPID(mp-714931), MPID(mp-715457), MPID(mp-849511), MPID(mp-25283), MPID(mp-1284510), MPID(mp-715035), MPID(mp-1285335), MPID(mp-2214678), MPID(mp-1101328), MPID(mp-1273390), MPID(mp-1274098), MPID(mp-1272932), MPID(mp-1314858), MPID(mp-772530), MPID(mp-754451), MPID(mp-547074), MPID(mp-1342978), MPID(mp-1094031), MPID(mp-1190609), MPID(mp-1379199), MPID(mp-20974), MPID(mp-27412), MPID(mp-2739064), MPID(mp-777479), MPID(mp-1047618), MPID(mp-2214803), MPID(mp-715617), MPID(mp-715664), MPID(mp-777469), MPID(mp-849537), MPID(mp-1196958), MPID(mp-1274771), MPID(mp-1271792), MPID(mp-755394), MPID(mp-1179073), MPID(mp-1361684), MPID(mp-19457), MPID(mp-1974654), MPID(mp-1271755), MPID(mp-634430), MPID(mp-1277117), MPID(mp-714911)]","logger":"airflow.task.operators.airflow.providers.standard.decorators.python._PythonDecoratedOperator"}
{"timestamp":"2025-09-01T18:43:04.164381","level":"info","event":"Pushing xcom","ti":"RuntimeTaskInstance(id=UUID('01990696-e9a9-7534-96ca-93b6f7d0a39a'), task_id='search_MaterialsAPI', dag_id='MP-pymatgen-jDFTx', run_id='manual__2025-09-01T18:42:57.545252+00:00', try_number=1, map_index=-1, hostname='4c196f876d10', context_carrier={}, task=<Task(_PythonDecoratedOperator): search_MaterialsAPI>, bundle_instance=LocalDagBundle(name=dags-folder), max_tries=0, start_date=datetime.datetime(2025, 9, 1, 18, 42, 58, 233635, tzinfo=datetime.timezone.utc), end_date=None, state=<TaskInstanceState.RUNNING: 'running'>, is_mapped=False, rendered_map_index=None, log_url='http://localhost:8080/dags/MP-pymatgen-jDFTx/runs/manual__2025-09-01T18%3A42%3A57.545252%2B00%3A00/tasks/search_MaterialsAPI?try_number=1')","logger":"task"}
