{"timestamp":"2025-09-01T16:52:34.714029","level":"info","event":"DAG bundles loaded: dags-folder","logger":"airflow.dag_processing.bundles.manager.DagBundlesManager"}
{"timestamp":"2025-09-01T16:52:34.714463","level":"info","event":"Filling up the DagBag from /opt/airflow/dags/my_dag.py","logger":"airflow.models.dagbag.DagBag"}
{"timestamp":"2025-09-01T16:52:40.401577","level":"info","event":"generated new fontManager","logger":"matplotlib.font_manager"}
{"timestamp":"2025-09-01T16:52:43.367981Z","level":"error","event":"\rRetrieving OxidationStateDoc documents:   0%|          | 0/131 [00:00<?, ?it/s]\rRetrieving OxidationStateDoc documents: 100%|██████████| 131/131 [00:00<00:00, 4226567.88it/s]","chan":"stderr","logger":"task"}
{"timestamp":"2025-09-01T16:52:43.368614Z","level":"info","event":"Number of entries from Materials Project: 131","chan":"stdout","logger":"task"}
{"timestamp":"2025-09-01T16:52:43.372783Z","level":"info","event":"Saved bulk POSCAR mp-1040910","chan":"stdout","logger":"task"}
{"timestamp":"2025-09-01T16:52:43.380283Z","level":"info","event":"Saved bulk POSCAR mp-1100929","chan":"stdout","logger":"task"}
{"timestamp":"2025-09-01T16:52:43.384952Z","level":"info","event":"Saved bulk POSCAR mp-1244901","chan":"stdout","logger":"task"}
{"timestamp":"2025-09-01T16:52:43.396221Z","level":"info","event":"Saved bulk POSCAR mp-1244920","chan":"stdout","logger":"task"}
{"timestamp":"2025-09-01T16:52:43.416488Z","level":"info","event":"Saved bulk POSCAR mp-1244961","chan":"stdout","logger":"task"}
{"timestamp":"2025-09-01T16:52:43.424830Z","level":"info","event":"Saved bulk POSCAR mp-1244985","chan":"stdout","logger":"task"}
{"timestamp":"2025-09-01T16:52:43.431394Z","level":"info","event":"Saved bulk POSCAR mp-1245012","chan":"stdout","logger":"task"}
{"timestamp":"2025-09-01T16:52:43.438591Z","level":"info","event":"Saved bulk POSCAR mp-1245040","chan":"stdout","logger":"task"}
{"timestamp":"2025-09-01T16:52:43.446114Z","level":"info","event":"Saved bulk POSCAR mp-1245047","chan":"stdout","logger":"task"}
{"timestamp":"2025-09-01T16:52:43.454190Z","level":"info","event":"Saved bulk POSCAR mp-1245049","chan":"stdout","logger":"task"}
{"timestamp":"2025-09-01T16:52:43.461429Z","level":"info","event":"Saved bulk POSCAR mp-1245058","chan":"stdout","logger":"task"}
{"timestamp":"2025-09-01T16:52:43.468591Z","level":"info","event":"Saved bulk POSCAR mp-1245061","chan":"stdout","logger":"task"}
{"timestamp":"2025-09-01T16:52:43.479813Z","level":"info","event":"Saved bulk POSCAR mp-1245059","chan":"stdout","logger":"task"}
{"timestamp":"2025-09-01T16:52:43.486178Z","level":"info","event":"Saved bulk POSCAR mp-1245096","chan":"stdout","logger":"task"}
{"timestamp":"2025-09-01T16:52:43.493060Z","level":"info","event":"Saved bulk POSCAR mp-1245142","chan":"stdout","logger":"task"}
{"timestamp":"2025-09-01T16:52:43.500892Z","level":"info","event":"Saved bulk POSCAR mp-1245171","chan":"stdout","logger":"task"}
{"timestamp":"2025-09-01T16:52:43.508115Z","level":"info","event":"Saved bulk POSCAR mp-1245198","chan":"stdout","logger":"task"}
{"timestamp":"2025-09-01T16:52:43.515391Z","level":"info","event":"Saved bulk POSCAR mp-1245219","chan":"stdout","logger":"task"}
{"timestamp":"2025-09-01T16:52:43.522159Z","level":"info","event":"Saved bulk POSCAR mp-1245240","chan":"stdout","logger":"task"}
{"timestamp":"2025-09-01T16:52:43.529335Z","level":"info","event":"Saved bulk POSCAR mp-1245272","chan":"stdout","logger":"task"}
{"timestamp":"2025-09-01T16:52:43.537438Z","level":"info","event":"Saved bulk POSCAR mp-1245275","chan":"stdout","logger":"task"}
{"timestamp":"2025-09-01T16:52:43.544168Z","level":"info","event":"Saved bulk POSCAR mp-1245284","chan":"stdout","logger":"task"}
{"timestamp":"2025-09-01T16:52:43.550415Z","level":"info","event":"Saved bulk POSCAR mp-1245283","chan":"stdout","logger":"task"}
{"timestamp":"2025-09-01T16:52:43.556961Z","level":"info","event":"Saved bulk POSCAR mp-1245315","chan":"stdout","logger":"task"}
{"timestamp":"2025-09-01T16:52:43.563829Z","level":"info","event":"Saved bulk POSCAR mp-1245312","chan":"stdout","logger":"task"}
{"timestamp":"2025-09-01T16:52:43.570609Z","level":"info","event":"Saved bulk POSCAR mp-1289705","chan":"stdout","logger":"task"}
{"timestamp":"2025-09-01T16:52:43.575685Z","level":"info","event":"Saved bulk POSCAR mp-2214725","chan":"stdout","logger":"task"}
{"timestamp":"2025-09-01T16:52:43.580672Z","level":"info","event":"Saved bulk POSCAR mp-1353031","chan":"stdout","logger":"task"}
{"timestamp":"2025-09-01T16:52:43.587685Z","level":"info","event":"Saved bulk POSCAR mp-716723","chan":"stdout","logger":"task"}
{"timestamp":"2025-09-01T16:52:43.593489Z","level":"info","event":"Saved bulk POSCAR mp-714932","chan":"stdout","logger":"task"}
{"timestamp":"2025-09-01T16:52:43.601149Z","level":"info","event":"Saved bulk POSCAR mp-715553","chan":"stdout","logger":"task"}
{"timestamp":"2025-09-01T16:52:43.606719Z","level":"info","event":"Saved bulk POSCAR mp-715598","chan":"stdout","logger":"task"}
{"timestamp":"2025-09-01T16:52:43.611737Z","level":"info","event":"Saved bulk POSCAR mp-715517","chan":"stdout","logger":"task"}
{"timestamp":"2025-09-01T16:52:43.616660Z","level":"info","event":"Saved bulk POSCAR mp-776583","chan":"stdout","logger":"task"}
{"timestamp":"2025-09-01T16:52:43.622468Z","level":"info","event":"Saved bulk POSCAR mp-777580","chan":"stdout","logger":"task"}
{"timestamp":"2025-09-01T16:52:43.627327Z","level":"info","event":"Saved bulk POSCAR mp-559445","chan":"stdout","logger":"task"}
{"timestamp":"2025-09-01T16:52:43.632035Z","level":"info","event":"Saved bulk POSCAR mp-566801","chan":"stdout","logger":"task"}
{"timestamp":"2025-09-01T16:52:43.636629Z","level":"info","event":"Saved bulk POSCAR mp-1446045","chan":"stdout","logger":"task"}
{"timestamp":"2025-09-01T16:52:43.642445Z","level":"info","event":"Saved bulk POSCAR mp-714921","chan":"stdout","logger":"task"}
{"timestamp":"2025-09-01T16:52:43.647757Z","level":"info","event":"Saved bulk POSCAR mp-870306","chan":"stdout","logger":"task"}
{"timestamp":"2025-09-01T16:52:43.653466Z","level":"info","event":"Saved bulk POSCAR mp-849581","chan":"stdout","logger":"task"}
{"timestamp":"2025-09-01T16:52:43.661472Z","level":"info","event":"Saved bulk POSCAR mp-1100908","chan":"stdout","logger":"task"}
{"timestamp":"2025-09-01T16:52:43.666389Z","level":"info","event":"Saved bulk POSCAR mp-1179363","chan":"stdout","logger":"task"}
{"timestamp":"2025-09-01T16:52:43.670407Z","level":"info","event":"Saved bulk POSCAR mp-18896","chan":"stdout","logger":"task"}
{"timestamp":"2025-09-01T16:52:43.676239Z","level":"info","event":"Saved bulk POSCAR mp-541404","chan":"stdout","logger":"task"}
{"timestamp":"2025-09-01T16:52:43.681338Z","level":"info","event":"Saved bulk POSCAR mp-714944","chan":"stdout","logger":"task"}
{"timestamp":"2025-09-01T16:52:43.685415Z","level":"info","event":"Saved bulk POSCAR mp-773019","chan":"stdout","logger":"task"}
{"timestamp":"2025-09-01T16:52:43.690874Z","level":"info","event":"Saved bulk POSCAR mp-755411","chan":"stdout","logger":"task"}
{"timestamp":"2025-09-01T16:52:43.695751Z","level":"info","event":"Saved bulk POSCAR mp-622497","chan":"stdout","logger":"task"}
{"timestamp":"2025-09-01T16:52:43.700265Z","level":"info","event":"Saved bulk POSCAR mp-1178787","chan":"stdout","logger":"task"}
{"timestamp":"2025-09-01T16:52:43.706175Z","level":"info","event":"Saved bulk POSCAR mp-19094","chan":"stdout","logger":"task"}
{"timestamp":"2025-09-01T16:52:43.713017Z","level":"info","event":"Saved bulk POSCAR mp-1208572","chan":"stdout","logger":"task"}
{"timestamp":"2025-09-01T16:52:43.718533Z","level":"info","event":"Saved bulk POSCAR mp-20593","chan":"stdout","logger":"task"}
{"timestamp":"2025-09-01T16:52:43.726125Z","level":"info","event":"Saved bulk POSCAR mp-1021522","chan":"stdout","logger":"task"}
{"timestamp":"2025-09-01T16:52:43.730610Z","level":"info","event":"Saved bulk POSCAR mp-1102963","chan":"stdout","logger":"task"}
{"timestamp":"2025-09-01T16:52:43.734074Z","level":"info","event":"Saved bulk POSCAR mp-1201338","chan":"stdout","logger":"task"}
{"timestamp":"2025-09-01T16:52:43.738939Z","level":"info","event":"Saved bulk POSCAR mp-2506972","chan":"stdout","logger":"task"}
{"timestamp":"2025-09-01T16:52:43.744078Z","level":"info","event":"Saved bulk POSCAR mp-778252","chan":"stdout","logger":"task"}
{"timestamp":"2025-09-01T16:52:43.750377Z","level":"info","event":"Saved bulk POSCAR mp-714960","chan":"stdout","logger":"task"}
{"timestamp":"2025-09-01T16:52:43.754444Z","level":"info","event":"Saved bulk POSCAR mp-1975157","chan":"stdout","logger":"task"}
{"timestamp":"2025-09-01T16:52:43.758710Z","level":"info","event":"Saved bulk POSCAR mp-1975342","chan":"stdout","logger":"task"}
{"timestamp":"2025-09-01T16:52:43.763752Z","level":"info","event":"Saved bulk POSCAR mp-30987","chan":"stdout","logger":"task"}
{"timestamp":"2025-09-01T16:52:43.770002Z","level":"info","event":"Saved bulk POSCAR mp-1780502","chan":"stdout","logger":"task"}
{"timestamp":"2025-09-01T16:52:43.774819Z","level":"info","event":"Saved bulk POSCAR mp-622640","chan":"stdout","logger":"task"}
{"timestamp":"2025-09-01T16:52:43.781775Z","level":"info","event":"Saved bulk POSCAR mp-796240","chan":"stdout","logger":"task"}
{"timestamp":"2025-09-01T16:52:43.788913Z","level":"info","event":"Saved bulk POSCAR mp-764115","chan":"stdout","logger":"task"}
{"timestamp":"2025-09-01T16:52:43.794243Z","level":"info","event":"Saved bulk POSCAR mp-1412582","chan":"stdout","logger":"task"}
{"timestamp":"2025-09-01T16:52:43.799107Z","level":"info","event":"Saved bulk POSCAR mp-760992","chan":"stdout","logger":"task"}
{"timestamp":"2025-09-01T16:52:43.805037Z","level":"info","event":"Saved bulk POSCAR mp-1420871","chan":"stdout","logger":"task"}
{"timestamp":"2025-09-01T16:52:43.808994Z","level":"info","event":"Saved bulk POSCAR mp-25199","chan":"stdout","logger":"task"}
{"timestamp":"2025-09-01T16:52:43.813027Z","level":"info","event":"Saved bulk POSCAR mp-1393040","chan":"stdout","logger":"task"}
{"timestamp":"2025-09-01T16:52:43.818538Z","level":"info","event":"Saved bulk POSCAR mp-1396942","chan":"stdout","logger":"task"}
{"timestamp":"2025-09-01T16:52:43.823109Z","level":"info","event":"Saved bulk POSCAR mp-1178831","chan":"stdout","logger":"task"}
{"timestamp":"2025-09-01T16:52:43.827298Z","level":"info","event":"Saved bulk POSCAR mp-1178988","chan":"stdout","logger":"task"}
{"timestamp":"2025-09-01T16:52:43.831509Z","level":"info","event":"Saved bulk POSCAR mp-1179536","chan":"stdout","logger":"task"}
{"timestamp":"2025-09-01T16:52:43.836644Z","level":"info","event":"Saved bulk POSCAR mp-1272338","chan":"stdout","logger":"task"}
{"timestamp":"2025-09-01T16:52:43.841160Z","level":"info","event":"Saved bulk POSCAR mp-1271757","chan":"stdout","logger":"task"}
{"timestamp":"2025-09-01T16:52:43.849349Z","level":"info","event":"Saved bulk POSCAR mp-1277428","chan":"stdout","logger":"task"}
{"timestamp":"2025-09-01T16:52:43.855637Z","level":"info","event":"Saved bulk POSCAR mp-1273559","chan":"stdout","logger":"task"}
{"timestamp":"2025-09-01T16:52:43.860269Z","level":"info","event":"Saved bulk POSCAR mp-27151","chan":"stdout","logger":"task"}
{"timestamp":"2025-09-01T16:52:43.865421Z","level":"info","event":"Saved bulk POSCAR mp-21018","chan":"stdout","logger":"task"}
{"timestamp":"2025-09-01T16:52:43.870221Z","level":"info","event":"Saved bulk POSCAR mp-30518","chan":"stdout","logger":"task"}
{"timestamp":"2025-09-01T16:52:43.875812Z","level":"info","event":"Saved bulk POSCAR mp-2506981","chan":"stdout","logger":"task"}
{"timestamp":"2025-09-01T16:52:43.880536Z","level":"info","event":"Saved bulk POSCAR mp-555597","chan":"stdout","logger":"task"}
{"timestamp":"2025-09-01T16:52:43.885071Z","level":"info","event":"Saved bulk POSCAR mp-542334","chan":"stdout","logger":"task"}
{"timestamp":"2025-09-01T16:52:43.890144Z","level":"info","event":"Saved bulk POSCAR mp-556566","chan":"stdout","logger":"task"}
{"timestamp":"2025-09-01T16:52:43.895427Z","level":"info","event":"Saved bulk POSCAR mp-559485","chan":"stdout","logger":"task"}
{"timestamp":"2025-09-01T16:52:43.900687Z","level":"info","event":"Saved bulk POSCAR mp-636746","chan":"stdout","logger":"task"}
{"timestamp":"2025-09-01T16:52:43.907659Z","level":"info","event":"Saved bulk POSCAR mp-715493","chan":"stdout","logger":"task"}
{"timestamp":"2025-09-01T16:52:43.912535Z","level":"info","event":"Saved bulk POSCAR mp-714931","chan":"stdout","logger":"task"}
{"timestamp":"2025-09-01T16:52:43.917776Z","level":"info","event":"Saved bulk POSCAR mp-715457","chan":"stdout","logger":"task"}
{"timestamp":"2025-09-01T16:52:43.923367Z","level":"info","event":"Saved bulk POSCAR mp-849511","chan":"stdout","logger":"task"}
{"timestamp":"2025-09-01T16:52:43.928444Z","level":"info","event":"Saved bulk POSCAR mp-25283","chan":"stdout","logger":"task"}
{"timestamp":"2025-09-01T16:52:43.932802Z","level":"info","event":"Saved bulk POSCAR mp-1284510","chan":"stdout","logger":"task"}
{"timestamp":"2025-09-01T16:52:43.937721Z","level":"info","event":"Saved bulk POSCAR mp-715035","chan":"stdout","logger":"task"}
{"timestamp":"2025-09-01T16:52:43.943906Z","level":"info","event":"Saved bulk POSCAR mp-1285335","chan":"stdout","logger":"task"}
{"timestamp":"2025-09-01T16:52:43.948399Z","level":"info","event":"Saved bulk POSCAR mp-2214678","chan":"stdout","logger":"task"}
{"timestamp":"2025-09-01T16:52:43.953362Z","level":"info","event":"Saved bulk POSCAR mp-1101328","chan":"stdout","logger":"task"}
{"timestamp":"2025-09-01T16:52:43.961353Z","level":"info","event":"Saved bulk POSCAR mp-1273390","chan":"stdout","logger":"task"}
{"timestamp":"2025-09-01T16:52:43.979480Z","level":"info","event":"Saved bulk POSCAR mp-1274098","chan":"stdout","logger":"task"}
{"timestamp":"2025-09-01T16:52:43.991249Z","level":"info","event":"Saved bulk POSCAR mp-1272932","chan":"stdout","logger":"task"}
{"timestamp":"2025-09-01T16:52:43.997911Z","level":"info","event":"Saved bulk POSCAR mp-1314858","chan":"stdout","logger":"task"}
{"timestamp":"2025-09-01T16:52:44.004947Z","level":"info","event":"Saved bulk POSCAR mp-772530","chan":"stdout","logger":"task"}
{"timestamp":"2025-09-01T16:52:44.016022Z","level":"info","event":"Saved bulk POSCAR mp-754451","chan":"stdout","logger":"task"}
{"timestamp":"2025-09-01T16:52:44.025109Z","level":"info","event":"Saved bulk POSCAR mp-547074","chan":"stdout","logger":"task"}
{"timestamp":"2025-09-01T16:52:44.039192Z","level":"info","event":"Saved bulk POSCAR mp-1342978","chan":"stdout","logger":"task"}
{"timestamp":"2025-09-01T16:52:44.046168Z","level":"info","event":"Saved bulk POSCAR mp-1094031","chan":"stdout","logger":"task"}
{"timestamp":"2025-09-01T16:52:44.051407Z","level":"info","event":"Saved bulk POSCAR mp-1190609","chan":"stdout","logger":"task"}
{"timestamp":"2025-09-01T16:52:44.056449Z","level":"info","event":"Saved bulk POSCAR mp-1379199","chan":"stdout","logger":"task"}
{"timestamp":"2025-09-01T16:52:44.061356Z","level":"info","event":"Saved bulk POSCAR mp-20974","chan":"stdout","logger":"task"}
{"timestamp":"2025-09-01T16:52:44.067402Z","level":"info","event":"Saved bulk POSCAR mp-27412","chan":"stdout","logger":"task"}
{"timestamp":"2025-09-01T16:52:44.072755Z","level":"info","event":"Saved bulk POSCAR mp-2739064","chan":"stdout","logger":"task"}
{"timestamp":"2025-09-01T16:52:44.077748Z","level":"info","event":"Saved bulk POSCAR mp-777479","chan":"stdout","logger":"task"}
{"timestamp":"2025-09-01T16:52:44.082004Z","level":"info","event":"Saved bulk POSCAR mp-1047618","chan":"stdout","logger":"task"}
{"timestamp":"2025-09-01T16:52:44.090338Z","level":"info","event":"Saved bulk POSCAR mp-2214803","chan":"stdout","logger":"task"}
{"timestamp":"2025-09-01T16:52:44.098430Z","level":"info","event":"Saved bulk POSCAR mp-715617","chan":"stdout","logger":"task"}
{"timestamp":"2025-09-01T16:52:44.103971Z","level":"info","event":"Saved bulk POSCAR mp-715664","chan":"stdout","logger":"task"}
{"timestamp":"2025-09-01T16:52:44.109812Z","level":"info","event":"Saved bulk POSCAR mp-777469","chan":"stdout","logger":"task"}
{"timestamp":"2025-09-01T16:52:44.114997Z","level":"info","event":"Saved bulk POSCAR mp-849537","chan":"stdout","logger":"task"}
{"timestamp":"2025-09-01T16:52:44.120387Z","level":"info","event":"Saved bulk POSCAR mp-1196958","chan":"stdout","logger":"task"}
{"timestamp":"2025-09-01T16:52:44.126334Z","level":"info","event":"Saved bulk POSCAR mp-1274771","chan":"stdout","logger":"task"}
{"timestamp":"2025-09-01T16:52:44.130963Z","level":"info","event":"Saved bulk POSCAR mp-1271792","chan":"stdout","logger":"task"}
{"timestamp":"2025-09-01T16:52:44.135914Z","level":"info","event":"Saved bulk POSCAR mp-755394","chan":"stdout","logger":"task"}
{"timestamp":"2025-09-01T16:52:44.140747Z","level":"info","event":"Saved bulk POSCAR mp-1179073","chan":"stdout","logger":"task"}
{"timestamp":"2025-09-01T16:52:44.147200Z","level":"info","event":"Saved bulk POSCAR mp-1361684","chan":"stdout","logger":"task"}
{"timestamp":"2025-09-01T16:52:44.155526Z","level":"info","event":"Saved bulk POSCAR mp-19457","chan":"stdout","logger":"task"}
{"timestamp":"2025-09-01T16:52:44.160528Z","level":"info","event":"Saved bulk POSCAR mp-1974654","chan":"stdout","logger":"task"}
{"timestamp":"2025-09-01T16:52:44.164751Z","level":"info","event":"Saved bulk POSCAR mp-1271755","chan":"stdout","logger":"task"}
{"timestamp":"2025-09-01T16:52:44.169183Z","level":"info","event":"Saved bulk POSCAR mp-634430","chan":"stdout","logger":"task"}
{"timestamp":"2025-09-01T16:52:44.173910Z","level":"info","event":"Saved bulk POSCAR mp-1277117","chan":"stdout","logger":"task"}
{"timestamp":"2025-09-01T16:52:44.178359Z","level":"info","event":"Saved bulk POSCAR mp-714911","chan":"stdout","logger":"task"}
{"timestamp":"2025-09-01T16:52:44.185733","level":"info","event":"Done. Returned value was: [MPID(mp-1040910), MPID(mp-1100929), MPID(mp-1244901), MPID(mp-1244920), MPID(mp-1244961), MPID(mp-1244985), MPID(mp-1245012), MPID(mp-1245040), MPID(mp-1245047), MPID(mp-1245049), MPID(mp-1245058), MPID(mp-1245061), MPID(mp-1245059), MPID(mp-1245096), MPID(mp-1245142), MPID(mp-1245171), MPID(mp-1245198), MPID(mp-1245219), MPID(mp-1245240), MPID(mp-1245272), MPID(mp-1245275), MPID(mp-1245284), MPID(mp-1245283), MPID(mp-1245315), MPID(mp-1245312), MPID(mp-1289705), MPID(mp-2214725), MPID(mp-1353031), MPID(mp-716723), MPID(mp-714932), MPID(mp-715553), MPID(mp-715598), MPID(mp-715517), MPID(mp-776583), MPID(mp-777580), MPID(mp-559445), MPID(mp-566801), MPID(mp-1446045), MPID(mp-714921), MPID(mp-870306), MPID(mp-849581), MPID(mp-1100908), MPID(mp-1179363), MPID(mp-18896), MPID(mp-541404), MPID(mp-714944), MPID(mp-773019), MPID(mp-755411), MPID(mp-622497), MPID(mp-1178787), MPID(mp-19094), MPID(mp-1208572), MPID(mp-20593), MPID(mp-1021522), MPID(mp-1102963), MPID(mp-1201338), MPID(mp-2506972), MPID(mp-778252), MPID(mp-714960), MPID(mp-1975157), MPID(mp-1975342), MPID(mp-30987), MPID(mp-1780502), MPID(mp-622640), MPID(mp-796240), MPID(mp-764115), MPID(mp-1412582), MPID(mp-760992), MPID(mp-1420871), MPID(mp-25199), MPID(mp-1393040), MPID(mp-1396942), MPID(mp-1178831), MPID(mp-1178988), MPID(mp-1179536), MPID(mp-1272338), MPID(mp-1271757), MPID(mp-1277428), MPID(mp-1273559), MPID(mp-27151), MPID(mp-21018), MPID(mp-30518), MPID(mp-2506981), MPID(mp-555597), MPID(mp-542334), MPID(mp-556566), MPID(mp-559485), MPID(mp-636746), MPID(mp-715493), MPID(mp-714931), MPID(mp-715457), MPID(mp-849511), MPID(mp-25283), MPID(mp-1284510), MPID(mp-715035), MPID(mp-1285335), MPID(mp-2214678), MPID(mp-1101328), MPID(mp-1273390), MPID(mp-1274098), MPID(mp-1272932), MPID(mp-1314858), MPID(mp-772530), MPID(mp-754451), MPID(mp-547074), MPID(mp-1342978), MPID(mp-1094031), MPID(mp-1190609), MPID(mp-1379199), MPID(mp-20974), MPID(mp-27412), MPID(mp-2739064), MPID(mp-777479), MPID(mp-1047618), MPID(mp-2214803), MPID(mp-715617), MPID(mp-715664), MPID(mp-777469), MPID(mp-849537), MPID(mp-1196958), MPID(mp-1274771), MPID(mp-1271792), MPID(mp-755394), MPID(mp-1179073), MPID(mp-1361684), MPID(mp-19457), MPID(mp-1974654), MPID(mp-1271755), MPID(mp-634430), MPID(mp-1277117), MPID(mp-714911)]","logger":"airflow.task.operators.airflow.providers.standard.decorators.python._PythonDecoratedOperator"}
{"timestamp":"2025-09-01T16:52:44.186018","level":"info","event":"Pushing xcom","ti":"RuntimeTaskInstance(id=UUID('01990631-d134-7130-ab7b-b67eb1b47c2c'), task_id='search_MaterialsAPI', dag_id='MP-pymatgen-jDFTx', run_id='manual__2025-09-01T16:52:32.155125+00:00', try_number=1, map_index=-1, hostname='4c196f876d10', context_carrier={}, task=<Task(_PythonDecoratedOperator): search_MaterialsAPI>, bundle_instance=LocalDagBundle(name=dags-folder), max_tries=0, start_date=datetime.datetime(2025, 9, 1, 16, 52, 33, 647377, tzinfo=datetime.timezone.utc), end_date=None, state=<TaskInstanceState.RUNNING: 'running'>, is_mapped=False, rendered_map_index=None, log_url='http://localhost:8080/dags/MP-pymatgen-jDFTx/runs/manual__2025-09-01T16%3A52%3A32.155125%2B00%3A00/tasks/search_MaterialsAPI?try_number=1')","logger":"task"}
